Change Component Designator: Old Designator=C44 New Designator=C?
Change Component Designator: Old Designator=C45 New Designator=C?
Change Component Designator: Old Designator=C46 New Designator=C?
Change Component Designator: Old Designator=C47 New Designator=C?
Change Component Designator: Old Designator=C57 New Designator=C?
Change Component Designator: Old Designator=C58 New Designator=C?
Change Component Designator: Old Designator=C59 New Designator=C?
Change Component Designator: Old Designator=C60 New Designator=C?
Change Component Designator: Old Designator=C61 New Designator=C?
Change Component Designator: Old Designator=D5 New Designator=D?
Change Component Designator: Old Designator=J3 New Designator=J?
Change Component Designator: Old Designator=J4 New Designator=J?
Change Component Designator: Old Designator=J5 New Designator=J?
Change Component Designator: Old Designator=J19 New Designator=J?
Change Component Designator: Old Designator=M2 New Designator=M?
Change Component Designator: Old Designator=M3 New Designator=M?
Change Component Designator: Old Designator=Q4 New Designator=Q?
Change Component Designator: Old Designator=R49 New Designator=R?
Change Component Designator: Old Designator=R50 New Designator=R?
Change Component Designator: Old Designator=R51 New Designator=R?
Change Component Designator: Old Designator=R52 New Designator=R?
Change Component Designator: Old Designator=R53 New Designator=R?
Change Component Designator: Old Designator=R54 New Designator=R?
Change Component Designator: Old Designator=R55 New Designator=R?
Change Component Designator: Old Designator=R56 New Designator=R?
Change Component Designator: Old Designator=R57 New Designator=R?
Change Component Designator: Old Designator=R58 New Designator=R?
Change Component Designator: Old Designator=SW6 New Designator=SW?
Change Component Designator: Old Designator=SW7 New Designator=SW?
Change Component Designator: Old Designator=U10 New Designator=U?
