Removed Pin From Net: NetName=VIN Pin=C9-1
Removed Pin From Net: NetName=PWR_IN Pin=D4-1
Removed Pin From Net: NetName=PWR_IN Pin=D7-1
Removed Pin From Net: NetName=VIN Pin=R42-2
Removed Pin From Net: NetName=VIN Pin=SW1-2
Removed Pin From Net: NetName=VIN Pin=SW1-5
Removed Pin From Net: NetName=VIN Pin=TP2-1
Removed Member From Class: ClassName=D4_Nets Member=PWR_IN
Removed Member From Class: ClassName=D7_Nets Member=PWR_IN
Removed Member From Class: ClassName=SW1_Nets Member=VCC
Removed Member From Class: ClassName=Q3_Nets Member=VIN
Removed Member From Class: ClassName=R3_Nets Member=VIN
Removed Member From Class: ClassName=R6_Nets Member=VIN
Removed Member From Class: ClassName=R45_Nets Member=VIN
Removed Member From Class: ClassName=SW1_Nets Member=VIN
Removed Member From Class: ClassName=TP2_Nets Member=VIN
Removed Member From Class: ClassName=ZD1_Nets Member=VIN
Added Pin To Net: NetName=VIN Pin=J1-1
Added Pin To Net: NetName=PWR_IN Pin=SW1-2
Added Pin To Net: NetName=PWR_IN Pin=SW1-5
Added Pin To Net: NetName=VIN Pin=TP1-1
Added Pin To Net: NetName=PWR_IN Pin=TP2-1
Change Net Name : Old Net Name=VIN New Net Name=VCC
Added Pin To Net: NetName=NetD4_1 Pin=D4-1
Added Pin To Net: NetName=NetD4_1 Pin=D7-1
Added Pin To Net: NetName=NetD4_1 Pin=SW1-3
Added Pin To Net: NetName=NetD4_1 Pin=SW1-6
Added Net: Name=NetD4_1
Added Pin To Net: NetName=VIN Pin=C9-1
Added Pin To Net: NetName=VIN Pin=R42-2
Added Net: Name=VIN
Added Member To Class: ClassName=D4_Nets Member=Wire NetD4_1
Added Member To Class: ClassName=D7_Nets Member=Wire NetD4_1
Added Member To Class: ClassName=SW1_Nets Member=Wire NetD4_1
Added Member To Class: ClassName=SW1_Nets Member=Wire PWR_IN
Added Member To Class: ClassName=TP2_Nets Member=Wire PWR_IN
Added Member To Class: ClassName=Q3_Nets Member=Wire VCC
Added Member To Class: ClassName=R3_Nets Member=Wire VCC
Added Member To Class: ClassName=R6_Nets Member=Wire VCC
Added Member To Class: ClassName=R45_Nets Member=Wire VCC
Added Member To Class: ClassName=ZD1_Nets Member=Wire VCC
