Removed Pin From Net: NetName=GND Pin=BAT2-3
Removed Pin From Net: NetName=MODEM_LED_NETSTAT Pin=BAT2-
Removed Pin From Net: NetName=12V0 Pin=J24-1
Removed Pin From Net: NetName=12V0 Pin=J24-2
Removed Pin From Net: NetName=GND Pin=J24-3
Removed Pin From Net: NetName=GND Pin=J24-4
Removed Pin From Net: NetName=ESP_IO14 Pin=J24-6
Removed Pin From Net: NetName=12V0 Pin=J25-1
Removed Pin From Net: NetName=12V0 Pin=J25-2
Removed Pin From Net: NetName=GND Pin=J25-3
Removed Pin From Net: NetName=GND Pin=J25-4
Removed Pin From Net: NetName=ESP_IO13 Pin=J25-5
Removed Pin From Net: NetName=ESP_IO21 Pin=J25-6
Removed Pin From Net: NetName=3V3 Pin=J26-1
Removed Pin From Net: NetName=ESP_IO12 Pin=J26-2
Removed Pin From Net: NetName=ESP_IO10 Pin=J26-3
Removed Pin From Net: NetName=GND Pin=J27-1
Removed Pin From Net: NetName=ESP_IO11 Pin=J27-2
Removed Pin From Net: NetName=ESP_IO9 Pin=J27-3
Removed Pin From Net: NetName=ESP_IO0 Pin=J28-1
Removed Pin From Net: NetName=ESP_TCK Pin=J28-2
Removed Pin From Net: NetName=ESP_TDI Pin=J28-3
Removed Pin From Net: NetName=ESP_RX0 Pin=J28-4
Removed Pin From Net: NetName=ESP_IO2 Pin=J28-5
Removed Pin From Net: NetName=GND Pin=J28-6
Removed Pin From Net: NetName=ESP_IO38 Pin=J29-1
Removed Pin From Net: NetName=ESP_TDO Pin=J29-2
Removed Pin From Net: NetName=ESP_TMS Pin=J29-3
Removed Pin From Net: NetName=ESP_TX0 Pin=J29-4
Removed Pin From Net: NetName=ESP_IO1 Pin=J29-5
Removed Pin From Net: NetName=3V3 Pin=J29-6
Removed Pin From Net: NetName=ESP_IO18 Pin=J30-2
Removed Pin From Net: NetName=ESP_IO16 Pin=J30-3
Removed Pin From Net: NetName=ESP_IO7 Pin=J30-4
Removed Pin From Net: NetName=ESP_IO5 Pin=J30-5
Removed Pin From Net: NetName=3V3 Pin=J30-6
Removed Pin From Net: NetName=ESP_IO8 Pin=J31-2
Removed Pin From Net: NetName=ESP_IO17 Pin=J31-3
Removed Pin From Net: NetName=ESP_IO15 Pin=J31-4
Removed Pin From Net: NetName=ESP_IO6 Pin=J31-5
Removed Pin From Net: NetName=GND Pin=J31-6
Removed Member From Class: ClassName=MCU Member=J24
Removed Member From Class: ClassName=MCU Member=J25
Removed Member From Class: ClassName=MCU Member=J26
Removed Member From Class: ClassName=MCU Member=J27
Removed Member From Class: ClassName=MCU Member=J28
Removed Member From Class: ClassName=MCU Member=J29
Removed Member From Class: ClassName=MCU Member=J30
Removed Member From Class: ClassName=MCU Member=J31
