Removed Pin From Net: NetName=ESP_IO18 Pin=BAT2-1
Remove Pin from Net: Failed to remove Pin
Removed Pin From Net: NetName=12V0 Pin=J1-1
Removed Pin From Net: NetName=12V0 Pin=J1-2
Removed Pin From Net: NetName=12V0 Pin=J1-3
Removed Pin From Net: NetName=12V0 Pin=J1-4
Removed Pin From Net: NetName=12V0 Pin=J1-5
Removed Pin From Net: NetName=12V0 Pin=J1-6
Removed Pin From Net: NetName=12V0 Pin=J2-1
Removed Pin From Net: NetName=12V0 Pin=J2-2
Removed Pin From Net: NetName=12V0 Pin=J2-3
Removed Pin From Net: NetName=12V0 Pin=J2-4
Removed Pin From Net: NetName=12V0 Pin=J2-5
Removed Pin From Net: NetName=12V0 Pin=J2-6
Removed Pin From Net: NetName=12V0 Pin=J3-1
Removed Pin From Net: NetName=12V0 Pin=J3-2
Removed Pin From Net: NetName=12V0 Pin=J3-3
Removed Pin From Net: NetName=12V0 Pin=J3-4
Removed Pin From Net: NetName=12V0 Pin=J3-5
Removed Pin From Net: NetName=12V0 Pin=J3-6
Removed Pin From Net: NetName=GND Pin=J5-1
Removed Pin From Net: NetName=GND Pin=J5-2
Removed Pin From Net: NetName=GND Pin=J5-3
Removed Pin From Net: NetName=GND Pin=J5-4
Removed Pin From Net: NetName=GND Pin=J5-5
Removed Pin From Net: NetName=GND Pin=J5-6
Removed Pin From Net: NetName=GND Pin=J6-1
Removed Pin From Net: NetName=GND Pin=J6-2
Removed Pin From Net: NetName=GND Pin=J6-3
Removed Pin From Net: NetName=GND Pin=J6-4
Removed Pin From Net: NetName=GND Pin=J6-5
Removed Pin From Net: NetName=GND Pin=J6-6
Removed Pin From Net: NetName=GND Pin=J7-1
Removed Pin From Net: NetName=GND Pin=J7-2
Removed Pin From Net: NetName=GND Pin=J7-3
Removed Pin From Net: NetName=GND Pin=J7-4
Removed Pin From Net: NetName=GND Pin=J7-5
Removed Pin From Net: NetName=GND Pin=J7-6
Removed Pin From Net: NetName=GND Pin=J8-1
Removed Pin From Net: NetName=GND Pin=J8-2
Removed Pin From Net: NetName=GND Pin=J8-3
Removed Pin From Net: NetName=GND Pin=J8-4
Removed Pin From Net: NetName=GND Pin=J8-5
Removed Pin From Net: NetName=GND Pin=J8-6
Removed Pin From Net: NetName=GND Pin=J9-1
Removed Pin From Net: NetName=GND Pin=J9-2
Removed Pin From Net: NetName=GND Pin=J9-3
Removed Pin From Net: NetName=GND Pin=J9-4
Removed Pin From Net: NetName=GND Pin=J9-5
Removed Pin From Net: NetName=GND Pin=J9-6
Removed Member From Class: ClassName=POWER Member=J1
Removed Member From Class: ClassName=POWER Member=J2
Removed Member From Class: ClassName=POWER Member=J3
Removed Member From Class: ClassName=POWER Member=J4
Removed Member From Class: ClassName=POWER Member=J5
Removed Member From Class: ClassName=POWER Member=J6
Removed Member From Class: ClassName=POWER Member=J7
Removed Member From Class: ClassName=POWER Member=J8
Removed Member From Class: ClassName=POWER Member=J9
Removed Member From Class: ClassName=POWER Member=TP1
Removed Member From Class: ClassName=POWER Member=TP2
Removed Member From Class: ClassName=POWER Member=TP3
Removed Member From Class: ClassName=POWER Member=TP4
Removed Member From Class: ClassName=POWER Member=TP5
Removed Member From Class: ClassName=POWER Member=TP6
