Removed Pin From Net: NetName=5V0 Pin=C27-1
Removed Pin From Net: NetName=GND Pin=C27-2
Removed Pin From Net: NetName=MODEM_UART0_TX Pin=U4-8
Removed Pin From Net: NetName=MODEM_UART0_RX Pin=U4-9
Removed Pin From Net: NetName=MODEM_LVS_3V3 Pin=U4-19
Removed Pin From Net: NetName=GND Pin=U5-1
Removed Pin From Net: NetName=MODEM_LVS_3V3 Pin=U5-2
Removed Pin From Net: NetName=5V0 Pin=U5-3
Removed Pin From Net: NetName=MODEM_LVS_3V3 Pin=U5-4
Removed Member From Class: ClassName=MODEM_PT2 Member=C27
Removed Member From Class: ClassName=MODEM_PT2 Member=U5
Removed Member From Class: ClassName=U4_Nets Member=MODEM_LVS_3V3
Removed Member From Class: ClassName=U4_Nets Member=MODEM_UART0_RX_3V3
Removed Member From Class: ClassName=U4_Nets Member=MODEM_UART0_TX_3V3
Removed Member From Class: ClassName=U4_Nets Member=NetU4_1
Removed Member From Class: ClassName=U4_Nets Member=NetU4_5
Removed Member From Class: ClassName=U4_Nets Member=NetU4_16
Removed Member From Class: ClassName=U4_Nets Member=NetU4_20
Added Pin To Net: NetName=MODEM_UART0_TX Pin=U4-1
Added Pin To Net: NetName=MODEM_UART0_RX Pin=U4-5
Added Pin To Net: NetName=LTE_TX Pin=U4-16
Added Pin To Net: NetName=3V3 Pin=U4-19
Added Pin To Net: NetName=LTE_RX Pin=U4-20
Change Net Name : Old Net Name=MODEM_UART0_RX_3V3 New Net Name=NetU4_12
Change Net Name : Old Net Name=MODEM_UART0_TX_3V3 New Net Name=NetU4_13
Added Pin To Net: NetName=NetU4_8 Pin=U4-8
Added Net: Name=NetU4_8
Added Pin To Net: NetName=NetU4_9 Pin=U4-9
Added Net: Name=NetU4_9
Added Member To Class: ClassName=U4_Nets Member=Wire 3V3
Added Member To Class: ClassName=U4_Nets Member=Wire LTE_RX
Added Member To Class: ClassName=U4_Nets Member=Wire LTE_TX
Added Member To Class: ClassName=U4_Nets Member=Wire NetU4_8
Added Member To Class: ClassName=U4_Nets Member=Wire NetU4_9
Added Member To Class: ClassName=U4_Nets Member=Wire NetU4_12
Added Member To Class: ClassName=U4_Nets Member=Wire NetU4_13
