Removed Member From Class: ClassName=J7_Nets Member=NetJ7_1
Removed Member From Class: ClassName=J7_Nets Member=NetJ7_2
Removed Member From Class: ClassName=J7_Nets Member=NetJ7_3
Removed Member From Class: ClassName=J8_Nets Member=NetJ8_1
Removed Member From Class: ClassName=J8_Nets Member=NetJ8_2
Removed Member From Class: ClassName=J8_Nets Member=NetJ8_3
Removed Member From Class: ClassName=J8_Nets Member=NetJ8_4
Added Component: Designator=M4(SCD30)
Add component (AddParameter): Name = "ERP"; Value = ""; VariantName = "[No Variations]"
Add component (AddParameter): Name = "Manufacturer 1"; Value = ""; VariantName = "[No Variations]"
Add component (AddParameter): Name = "Manufacturer Part Number 1"; Value = "SCD30"; VariantName = "[No Variations]"
Add component (AddParameter): Name = "Package"; Value = "SOT-353"; VariantName = "[No Variations]"
Add component (AddParameter): Name = "Supplier 1"; Value = ""; VariantName = "[No Variations]"
Add component (AddParameter): Name = "Supplier Part Number 1"; Value = ""; VariantName = "[No Variations]"
Added Component: Designator=R36(RES_0603)
Add component (AddParameter): Name = "ERP"; Value = ""; VariantName = "[No Variations]"
Add component (AddParameter): Name = "Manufacturer 1"; Value = ""; VariantName = "[No Variations]"
Add component (AddParameter): Name = "Manufacturer Part Number 1"; Value = ""; VariantName = "[No Variations]"
Add component (AddParameter): Name = "Package"; Value = "0603"; VariantName = "[No Variations]"
Add component (AddParameter): Name = "Value"; Value = "4k7"; VariantName = "[No Variations]"
Added Component: Designator=R52(RES_0603)
Add component (AddParameter): Name = "ERP"; Value = ""; VariantName = "[No Variations]"
Add component (AddParameter): Name = "Manufacturer 1"; Value = ""; VariantName = "[No Variations]"
Add component (AddParameter): Name = "Manufacturer Part Number 1"; Value = ""; VariantName = "[No Variations]"
Add component (AddParameter): Name = "Package"; Value = "0603"; VariantName = "[No Variations]"
Add component (AddParameter): Name = "Value"; Value = "1k5"; VariantName = "[No Variations]"
Added Component: Designator=R53(RES_0603)
Add component (AddParameter): Name = "ERP"; Value = ""; VariantName = "[No Variations]"
Add component (AddParameter): Name = "Manufacturer 1"; Value = ""; VariantName = "[No Variations]"
Add component (AddParameter): Name = "Manufacturer Part Number 1"; Value = ""; VariantName = "[No Variations]"
Add component (AddParameter): Name = "Package"; Value = "0603"; VariantName = "[No Variations]"
Add component (AddParameter): Name = "Value"; Value = "1k5"; VariantName = "[No Variations]"
Added Pin To Net: NetName=3V3 Pin=J7-2
Added Pin To Net: NetName=GND Pin=J7-3
Added Pin To Net: NetName=3V3 Pin=J8-1
Added Pin To Net: NetName=SDA Pin=J8-2
Added Pin To Net: NetName=SCL Pin=J8-3
Added Pin To Net: NetName=GND Pin=J8-4
Added Pin To Net: NetName=3V3 Pin=M4-1
Added Pin To Net: NetName=GND Pin=M4-2
Added Pin To Net: NetName=SCL Pin=M4-3
Added Pin To Net: NetName=SDA Pin=M4-4
Added Pin To Net: NetName=3V3 Pin=R36-1
Added Pin To Net: NetName=3V3 Pin=R52-1
Added Pin To Net: NetName=SDA Pin=R52-2
Added Pin To Net: NetName=3V3 Pin=R53-1
Added Pin To Net: NetName=SCL Pin=R53-2
Added Pin To Net: NetName=NetM4_5 Pin=M4-5
Added Net: Name=NetM4_5
Added Pin To Net: NetName=NetM4_6 Pin=M4-6
Added Net: Name=NetM4_6
Added Pin To Net: NetName=NetM4_7 Pin=M4-7
Added Net: Name=NetM4_7
Added Pin To Net: NetName=TEMP_SENSOR Pin=J7-1
Added Pin To Net: NetName=TEMP_SENSOR Pin=R36-2
Added Net: Name=TEMP_SENSOR
Added Class: Name=M4_Nets
Added Class: Name=R36_Nets
Added Class: Name=R52_Nets
Added Class: Name=R53_Nets
Added Member To Class: ClassName=MCU Member=Component M4 SCD30
Added Member To Class: ClassName=MCU Member=Component R36 ERP_101-1
Added Member To Class: ClassName=MCU Member=Component R52 ERP_101-1
Added Member To Class: ClassName=MCU Member=Component R53 ERP_101-1
Added Member To Class: ClassName=J7_Nets Member=Wire 3V3
Added Member To Class: ClassName=J8_Nets Member=Wire 3V3
Added Member To Class: ClassName=J7_Nets Member=Wire GND
Added Member To Class: ClassName=J8_Nets Member=Wire GND
Added Member To Class: ClassName=J8_Nets Member=Wire SCL
Added Member To Class: ClassName=J8_Nets Member=Wire SDA
Added Member To Class: ClassName=J7_Nets Member=Wire TEMP_SENSOR
