Added Pin To Net: NetName=5V0 Pin=C45-1
Added Pin To Net: NetName=GND Pin=C45-2
Added Pin To Net: NetName=NetC44_1 Pin=M3-1
Added Pin To Net: NetName=GND Pin=M3-2
Added Pin To Net: NetName=NetM3_3 Pin=M3-3
Added Pin To Net: NetName=NetM3_4 Pin=M3-4
Added Pin To Net: NetName=NetM3_5 Pin=M3-5
Added Pin To Net: NetName=NetM3_6 Pin=M3-6
Added Pin To Net: NetName=NetM3_7 Pin=M3-7
Added Pin To Net: NetName=GND Pin=M3-8
Added Pin To Net: NetName=GND Pin=M3-11
Added Pin To Net: NetName=NetM3_12 Pin=M3-12
Added Pin To Net: NetName=GND Pin=M3-13
Added Pin To Net: NetName=GND Pin=M3-14
Added Pin To Net: NetName=GND Pin=M3-15
Added Pin To Net: NetName=GND Pin=M3-16
Added Pin To Net: NetName=GND Pin=M3-19
Added Pin To Net: NetName=LORA_M0 Pin=M3-20
Added Pin To Net: NetName=LORA_M1 Pin=M3-21
Added Pin To Net: NetName=LORA_RXD Pin=M3-22
Added Pin To Net: NetName=LORA_TXD Pin=M3-23
Added Pin To Net: NetName=LORA_AUX Pin=M3-24
Added Pin To Net: NetName=5V0 Pin=M3-25
Added Pin To Net: NetName=GND Pin=M3-26
Added Pin To Net: NetName=NetQ4_1 Pin=Q4-1
Added Pin To Net: NetName=GND Pin=Q4-2
Added Pin To Net: NetName=NetC44_1 Pin=Q4-3
Added Member To Class: ClassName=MCU Member=Component C45 ERP_102-2
Added Member To Class: ClassName=MCU Member=Component M3 E22-XXXT22S
Added Member To Class: ClassName=MCU Member=Component Q4 ERP_105-1
