Removed Member From Class: ClassName=POWER Member=C20
Removed Member From Class: ClassName=POWER Member=C25
Removed Member From Class: ClassName=POWER Member=C27
Removed Member From Class: ClassName=MCU Member=C60
Removed Member From Class: ClassName=POWER Member=R22
Removed Member From Class: ClassName=POWER Member=R30
Removed Member From Class: ClassName=C21_Nets Member=3V3
Removed Member From Class: ClassName=C22_Nets Member=3V3
Removed Member From Class: ClassName=R17_Nets Member=3V3
Removed Member From Class: ClassName=R18_Nets Member=3V3
Removed Member From Class: ClassName=R19_Nets Member=3V3
Removed Member From Class: ClassName=C6_Nets Member=5V0
Removed Member From Class: ClassName=C45_Nets Member=5V0
Removed Member From Class: ClassName=R1_Nets Member=5V0
Removed Member From Class: ClassName=R47_Nets Member=BATT_NTC
Removed Member From Class: ClassName=R49_Nets Member=ESP_IO4
Removed Member From Class: ClassName=C8_Nets Member=GND
Removed Member From Class: ClassName=D2_Nets Member=GND
Removed Member From Class: ClassName=Q1_Nets Member=GND
Removed Member From Class: ClassName=R28_Nets Member=GND
Removed Member From Class: ClassName=R29_Nets Member=GND
Removed Member From Class: ClassName=R38_Nets Member=GND
Removed Member From Class: ClassName=R45_Nets Member=GND
Removed Member From Class: ClassName=R48_Nets Member=GND
Removed Member From Class: ClassName=R34_Nets Member=MCU_MODEM_PWRKEY_3V3
Removed Member From Class: ClassName=R32_Nets Member=MCU_MODEM_RESETN_3V3
Removed Member From Class: ClassName=R5_Nets Member=MODEM_ANT_LTE
Removed Member From Class: ClassName=Q2_Nets Member=MODEM_CTRL_PWRKEY
Removed Member From Class: ClassName=Q1_Nets Member=MODEM_CTRL_RESETN
Removed Member From Class: ClassName=R33_Nets Member=MODEM_LED_NETMODE
Removed Member From Class: ClassName=R31_Nets Member=MODEM_LED_NETSTAT
Removed Member From Class: ClassName=R24_Nets Member=MODEM_SD_CLK
Removed Member From Class: ClassName=R23_Nets Member=MODEM_SD_CMD
Removed Member From Class: ClassName=R25_Nets Member=MODEM_SD_DATA0
Removed Member From Class: ClassName=R26_Nets Member=MODEM_SD_DATA1
Removed Member From Class: ClassName=R20_Nets Member=MODEM_SD_DATA2
Removed Member From Class: ClassName=R21_Nets Member=MODEM_SD_DATA3
Removed Member From Class: ClassName=R39_Nets Member=MODEM_USBBOOT
Removed Member From Class: ClassName=R12_Nets Member=MODEM_USIM_CLK
Removed Member From Class: ClassName=R11_Nets Member=MODEM_USIM_RST
Removed Member From Class: ClassName=R36_Nets Member=MODEM_VDDBB
Removed Member From Class: ClassName=R27_Nets Member=MODEM_VDDEXT
Removed Member From Class: ClassName=C1_Nets Member=NetC1_2
Removed Member From Class: ClassName=C8_Nets Member=NetC8_1
Removed Member From Class: ClassName=R8_Nets Member=NetC8_1
Removed Member From Class: ClassName=ANT_50R Member=NetC13_2
Removed Member From Class: ClassName=C13_Nets Member=NetC13_2
Removed Member From Class: ClassName=R5_Nets Member=NetC13_2
Removed Member From Class: ClassName=C17_Nets Member=NetC17_1
Removed Member From Class: ClassName=J32_Nets Member=NetC17_1
Removed Member From Class: ClassName=J32_Nets Member=NetC18_1
Removed Member From Class: ClassName=R12_Nets Member=NetC18_1
Removed Member From Class: ClassName=J32_Nets Member=NetC19_1
Removed Member From Class: ClassName=R11_Nets Member=NetC19_1
Removed Member From Class: ClassName=M3_Nets Member=NetC44_1
Removed Member From Class: ClassName=Q4_Nets Member=NetC44_1
Removed Member From Class: ClassName=R8_Nets Member=NetD1_1
Removed Member From Class: ClassName=R31_Nets Member=NetD2_2
Removed Member From Class: ClassName=D3_Nets Member=NetD3_2
Removed Member From Class: ClassName=R33_Nets Member=NetD3_2
Removed Member From Class: ClassName=D4_Nets Member=NetD4_1
Removed Member From Class: ClassName=D7_Nets Member=NetD4_1
Removed Member From Class: ClassName=SW1_Nets Member=NetD4_1
Removed Member From Class: ClassName=D4_Nets Member=NetD4_2
Removed Member From Class: ClassName=Q3_Nets Member=NetD4_2
Removed Member From Class: ClassName=R49_Nets Member=NetD5_2
Removed Member From Class: ClassName=D6_Nets Member=NetD6_1
Removed Member From Class: ClassName=J3_Nets Member=NetJ3_1
Removed Member From Class: ClassName=J3_Nets Member=NetJ3_2
Removed Member From Class: ClassName=J3_Nets Member=NetJ3_3
Removed Member From Class: ClassName=J5_Nets Member=NetJ5_4
Removed Member From Class: ClassName=J5_Nets Member=NetJ5_6
Removed Member From Class: ClassName=J19_Nets Member=NetJ19_A4
Removed Member From Class: ClassName=J19_Nets Member=NetJ19_A5
Removed Member From Class: ClassName=J19_Nets Member=NetJ19_A8
Removed Member From Class: ClassName=J19_Nets Member=NetJ19_A9
Removed Member From Class: ClassName=J19_Nets Member=NetJ19_B4
Removed Member From Class: ClassName=J19_Nets Member=NetJ19_B5
Removed Member From Class: ClassName=J19_Nets Member=NetJ19_B8
Removed Member From Class: ClassName=J19_Nets Member=NetJ19_B9
Removed Member From Class: ClassName=R19_Nets Member=NetJ20_1
Removed Member From Class: ClassName=R20_Nets Member=NetJ20_1
Removed Member From Class: ClassName=R18_Nets Member=NetJ20_2
Removed Member From Class: ClassName=R21_Nets Member=NetJ20_2
Removed Member From Class: ClassName=R17_Nets Member=NetJ20_3
Removed Member From Class: ClassName=R23_Nets Member=NetJ20_3
Removed Member From Class: ClassName=R24_Nets Member=NetJ20_5
Removed Member From Class: ClassName=R25_Nets Member=NetJ20_7
Removed Member From Class: ClassName=R26_Nets Member=NetJ20_8
Removed Member From Class: ClassName=J32_Nets Member=NetJ32_C6
Removed Member From Class: ClassName=R32_Nets Member=NetQ1_1
Removed Member From Class: ClassName=R34_Nets Member=NetQ2_1
Removed Member From Class: ClassName=TP5_Nets Member=NetQ3_1
Removed Member From Class: ClassName=R1_Nets Member=NetR1_2
Removed Member From Class: ClassName=R3_Nets Member=NetR3_1
Removed Member From Class: ClassName=R6_Nets Member=NetR3_1
Removed Member From Class: ClassName=U2_Nets Member=NetR3_1
Removed Member From Class: ClassName=U2_Nets Member=NetR9_2
Removed Member From Class: ClassName=U2_Nets Member=NetR22_2
Removed Member From Class: ClassName=R27_Nets Member=NetR27_1
Removed Member From Class: ClassName=R28_Nets Member=NetR27_1
Removed Member From Class: ClassName=U4_Nets Member=NetR27_1
Removed Member From Class: ClassName=R29_Nets Member=NetR29_2
Removed Member From Class: ClassName=U2_Nets Member=NetR29_2
Removed Member From Class: ClassName=R35_Nets Member=NetR35_1
Removed Member From Class: ClassName=R36_Nets Member=NetR35_1
Removed Member From Class: ClassName=R35_Nets Member=NetR35_2
Removed Member From Class: ClassName=R38_Nets Member=NetR35_2
Removed Member From Class: ClassName=U8_Nets Member=NetR35_2
Removed Member From Class: ClassName=R39_Nets Member=NetR39_1
Removed Member From Class: ClassName=R40_Nets Member=NetR40_2
Removed Member From Class: ClassName=U3_Nets Member=NetR40_2
Removed Member From Class: ClassName=R47_Nets Member=NetR47_1
Removed Member From Class: ClassName=R48_Nets Member=NetR47_1
Removed Member From Class: ClassName=U2_Nets Member=NetR47_1
Removed Member From Class: ClassName=U2_Nets Member=NetU2_14
Removed Member From Class: ClassName=U8_Nets Member=NetU8_6
Removed Member From Class: ClassName=C1_Nets Member=PWR_IN
Removed Member From Class: ClassName=D7_Nets Member=TP5100_BATT
Removed Member From Class: ClassName=R40_Nets Member=TP5100_BATT
Removed Member From Class: ClassName=C20_Nets Member=TP5100_VS
Removed Member From Class: ClassName=Q3_Nets Member=VCC
Removed Member From Class: ClassName=R6_Nets Member=VCC
Removed Member From Class: ClassName=R45_Nets Member=VCC
Change Component Designator: OldDesignator=C1 NewDesignator=C8
Change Component Designator: OldDesignator=C2 NewDesignator=C9
Change Component Designator: OldDesignator=C3 NewDesignator=C10
Change Component Designator: OldDesignator=C4 NewDesignator=C11
Change Component Designator: OldDesignator=C5 NewDesignator=C12
Change Component Designator: OldDesignator=C6 NewDesignator=C13
Change Component Designator: OldDesignator=C7 NewDesignator=C14
Change Component Designator: OldDesignator=C8 NewDesignator=C1
Change Component Designator: OldDesignator=C9 NewDesignator=C2
Change Component Designator: OldDesignator=C10 NewDesignator=C3
Change Component Designator: OldDesignator=C11 NewDesignator=C5
Change Component Designator: OldDesignator=C12 NewDesignator=C15
Change Component Designator: OldDesignator=C13 NewDesignator=C16
Change Component Designator: OldDesignator=C14 NewDesignator=C17
Change Component Designator: OldDesignator=C15 NewDesignator=C18
Change Component Designator: OldDesignator=C16 NewDesignator=C19
Change Component Designator: OldDesignator=C17 NewDesignator=C20
Change Component Designator: OldDesignator=C18 NewDesignator=C21
Change Component Designator: OldDesignator=C19 NewDesignator=C22
Change Component Designator: OldDesignator=C20 NewDesignator=C6
Change Component Designator: OldDesignator=C21 NewDesignator=C23
Change Component Designator: OldDesignator=C22 NewDesignator=C24
Change Component Designator: OldDesignator=C23 NewDesignator=C25
Change Component Designator: OldDesignator=C24 NewDesignator=C26
Change Component Designator: OldDesignator=C25 NewDesignator=C7
Change Component Designator: OldDesignator=C26 NewDesignator=C27
Change Component Designator: OldDesignator=C27 NewDesignator=C4
Change Component Designator: OldDesignator=C44 NewDesignator=C45
Change Component Designator: OldDesignator=C45 NewDesignator=C46
Change Component Designator: OldDesignator=C46 NewDesignator=C47
Change Component Designator: OldDesignator=C47 NewDesignator=C48
Change Component Designator: OldDesignator=C57 NewDesignator=C50
Change Component Designator: OldDesignator=C58 NewDesignator=C51
Change Component Designator: OldDesignator=C59 NewDesignator=C52
Change Component Designator: OldDesignator=C60 NewDesignator=C44
Change Component Designator: OldDesignator=C61 NewDesignator=C49
Change Component Designator: OldDesignator=D2 NewDesignator=D5
Change Component Designator: OldDesignator=D3 NewDesignator=D6
Change Component Designator: OldDesignator=D4 NewDesignator=D2
Change Component Designator: OldDesignator=D5 NewDesignator=D7
Change Component Designator: OldDesignator=D6 NewDesignator=D3
Change Component Designator: OldDesignator=D7 NewDesignator=D4
Change Component Designator: OldDesignator=J3 NewDesignator=J6
Change Component Designator: OldDesignator=J4 NewDesignator=J7
Change Component Designator: OldDesignator=J5 NewDesignator=J8
Change Component Designator: OldDesignator=J15 NewDesignator=J3
Change Component Designator: OldDesignator=J19 NewDesignator=J9
Change Component Designator: OldDesignator=J20 NewDesignator=J5
Change Component Designator: OldDesignator=J32 NewDesignator=J4
Change Component Designator: OldDesignator=L1 NewDesignator=L2
Change Component Designator: OldDesignator=L2 NewDesignator=L1
Change Component Designator: OldDesignator=Q1 NewDesignator=Q2
Change Component Designator: OldDesignator=Q2 NewDesignator=Q3
Change Component Designator: OldDesignator=Q3 NewDesignator=Q1
Change Component Designator: OldDesignator=R1 NewDesignator=R19
Change Component Designator: OldDesignator=R2 NewDesignator=R20
Change Component Designator: OldDesignator=R3 NewDesignator=R1
Change Component Designator: OldDesignator=R4 NewDesignator=R2
Change Component Designator: OldDesignator=R5 NewDesignator=R21
Change Component Designator: OldDesignator=R6 NewDesignator=R3
Change Component Designator: OldDesignator=R7 NewDesignator=R4
Change Component Designator: OldDesignator=R8 NewDesignator=R5
Change Component Designator: OldDesignator=R9 NewDesignator=R6
Change Component Designator: OldDesignator=R10 NewDesignator=R22
Change Component Designator: OldDesignator=R11 NewDesignator=R23
Change Component Designator: OldDesignator=R12 NewDesignator=R24
Change Component Designator: OldDesignator=R13 NewDesignator=R25
Change Component Designator: OldDesignator=R14 NewDesignator=R26
Change Component Designator: OldDesignator=R15 NewDesignator=R27
Change Component Designator: OldDesignator=R16 NewDesignator=R28
Change Component Designator: OldDesignator=R17 NewDesignator=R29
Change Component Designator: OldDesignator=R18 NewDesignator=R30
Change Component Designator: OldDesignator=R19 NewDesignator=R31
Change Component Designator: OldDesignator=R20 NewDesignator=R32
Change Component Designator: OldDesignator=R21 NewDesignator=R33
Change Component Designator: OldDesignator=R22 NewDesignator=R7
Change Component Designator: OldDesignator=R23 NewDesignator=R34
Change Component Designator: OldDesignator=R24 NewDesignator=R35
Change Component Designator: OldDesignator=R25 NewDesignator=R36
Change Component Designator: OldDesignator=R26 NewDesignator=R37
Change Component Designator: OldDesignator=R27 NewDesignator=R38
Change Component Designator: OldDesignator=R28 NewDesignator=R39
Change Component Designator: OldDesignator=R29 NewDesignator=R8
Change Component Designator: OldDesignator=R30 NewDesignator=R9
Change Component Designator: OldDesignator=R31 NewDesignator=R40
Change Component Designator: OldDesignator=R32 NewDesignator=R41
Change Component Designator: OldDesignator=R33 NewDesignator=R42
Change Component Designator: OldDesignator=R34 NewDesignator=R43
Change Component Designator: OldDesignator=R35 NewDesignator=R44
Change Component Designator: OldDesignator=R36 NewDesignator=R45
Change Component Designator: OldDesignator=R37 NewDesignator=R46
Change Component Designator: OldDesignator=R38 NewDesignator=R47
Change Component Designator: OldDesignator=R39 NewDesignator=R48
Change Component Designator: OldDesignator=R40 NewDesignator=R12
Change Component Designator: OldDesignator=R41 NewDesignator=R14
Change Component Designator: OldDesignator=R42 NewDesignator=R13
Change Component Designator: OldDesignator=R43 NewDesignator=R15
Change Component Designator: OldDesignator=R44 NewDesignator=R16
Change Component Designator: OldDesignator=R45 NewDesignator=R17
Change Component Designator: OldDesignator=R46 NewDesignator=R18
Change Component Designator: OldDesignator=R47 NewDesignator=R10
Change Component Designator: OldDesignator=R48 NewDesignator=R11
Change Component Designator: OldDesignator=R49 NewDesignator=R51
Change Component Designator: OldDesignator=R50 NewDesignator=R52
Change Component Designator: OldDesignator=R51 NewDesignator=R53
Change Component Designator: OldDesignator=R52 NewDesignator=R54
Change Component Designator: OldDesignator=R53 NewDesignator=R55
Change Component Designator: OldDesignator=R54 NewDesignator=R56
Change Component Designator: OldDesignator=R55 NewDesignator=R57
Change Component Designator: OldDesignator=R56 NewDesignator=R58
Change Component Designator: OldDesignator=R57 NewDesignator=R49
Change Component Designator: OldDesignator=R58 NewDesignator=R50
Change Component Designator: OldDesignator=SW6 NewDesignator=SW3
Change Component Designator: OldDesignator=SW7 NewDesignator=SW2
Change Component Designator: OldDesignator=TP2 NewDesignator=TP4
Change Component Designator: OldDesignator=TP3 NewDesignator=TP2
Change Component Designator: OldDesignator=TP4 NewDesignator=TP3
Change Component Designator: OldDesignator=TP8 NewDesignator=TP6
Change Component Designator: OldDesignator=TP9 NewDesignator=TP7
Change Component Designator: OldDesignator=U1 NewDesignator=U3
Change Component Designator: OldDesignator=U2 NewDesignator=U1
Change Component Designator: OldDesignator=U3 NewDesignator=U2
Change Component Designator: OldDesignator=U8 NewDesignator=U6
Change Component Designator: OldDesignator=U10 NewDesignator=U7
Change Net Name : Old Net Name=NetC1_2 New Net Name=NetC8_2
Change Net Name : Old Net Name=NetC8_1 New Net Name=NetC1_1
Change Net Name : Old Net Name=NetC13_2 New Net Name=NetC16_2
Change Net Name : Old Net Name=NetC17_1 New Net Name=NetC20_1
Change Net Name : Old Net Name=NetC18_1 New Net Name=NetC21_1
Change Net Name : Old Net Name=NetC19_1 New Net Name=NetC22_1
Change Net Name : Old Net Name=NetC44_1 New Net Name=NetC45_1
Change Net Name : Old Net Name=NetD2_2 New Net Name=NetD5_2
Change Net Name : Old Net Name=NetD3_2 New Net Name=NetD6_2
Change Net Name : Old Net Name=NetD4_1 New Net Name=NetD2_1
Change Net Name : Old Net Name=NetD4_2 New Net Name=NetD2_2
Change Net Name : Old Net Name=NetD5_2 New Net Name=NetD7_2
Change Net Name : Old Net Name=NetD6_1 New Net Name=NetD3_1
Change Net Name : Old Net Name=NetJ3_1 New Net Name=NetJ6_1
Change Net Name : Old Net Name=NetJ3_2 New Net Name=NetJ6_2
Change Net Name : Old Net Name=NetJ3_3 New Net Name=NetJ6_3
Change Net Name : Old Net Name=NetJ4_1 New Net Name=NetJ7_1
Change Net Name : Old Net Name=NetJ4_2 New Net Name=NetJ7_2
Change Net Name : Old Net Name=NetJ4_3 New Net Name=NetJ7_3
Change Net Name : Old Net Name=NetJ4_4 New Net Name=NetJ7_4
Change Net Name : Old Net Name=NetJ5_1 New Net Name=NetJ8_1
Change Net Name : Old Net Name=NetJ5_2 New Net Name=NetJ8_2
Change Net Name : Old Net Name=NetJ5_3 New Net Name=NetJ8_3
Change Net Name : Old Net Name=NetJ5_4 New Net Name=NetJ8_4
Change Net Name : Old Net Name=NetJ5_5 New Net Name=NetJ8_5
Change Net Name : Old Net Name=NetJ5_6 New Net Name=NetJ8_6
Change Net Name : Old Net Name=NetJ19_A4 New Net Name=NetJ9_A4
Change Net Name : Old Net Name=NetJ19_A5 New Net Name=NetJ9_A5
Change Net Name : Old Net Name=NetJ19_A8 New Net Name=NetJ9_A8
Change Net Name : Old Net Name=NetJ19_A9 New Net Name=NetJ9_A9
Change Net Name : Old Net Name=NetJ19_B4 New Net Name=NetJ9_B4
Change Net Name : Old Net Name=NetJ19_B5 New Net Name=NetJ9_B5
Change Net Name : Old Net Name=NetJ19_B8 New Net Name=NetJ9_B8
Change Net Name : Old Net Name=NetJ19_B9 New Net Name=NetJ9_B9
Change Net Name : Old Net Name=NetJ20_1 New Net Name=NetJ5_1
Change Net Name : Old Net Name=NetJ20_2 New Net Name=NetJ5_2
Change Net Name : Old Net Name=NetJ20_3 New Net Name=NetJ5_3
Change Net Name : Old Net Name=NetJ20_5 New Net Name=NetJ5_5
Change Net Name : Old Net Name=NetJ20_7 New Net Name=NetJ5_7
Change Net Name : Old Net Name=NetJ20_8 New Net Name=NetJ5_8
Change Net Name : Old Net Name=NetJ32_C6 New Net Name=NetJ4_C6
Change Net Name : Old Net Name=NetQ1_1 New Net Name=NetQ2_1
Change Net Name : Old Net Name=NetQ2_1 New Net Name=NetQ3_1
Change Net Name : Old Net Name=NetQ3_1 New Net Name=NetQ1_1
Change Net Name : Old Net Name=NetR1_2 New Net Name=NetR19_2
Change Net Name : Old Net Name=NetR3_1 New Net Name=NetR1_1
Change Net Name : Old Net Name=NetR9_1 New Net Name=NetR6_1
Change Net Name : Old Net Name=NetR9_2 New Net Name=NetR6_2
Change Net Name : Old Net Name=NetR22_2 New Net Name=NetR7_2
Change Net Name : Old Net Name=NetR27_1 New Net Name=NetR38_1
Change Net Name : Old Net Name=NetR29_2 New Net Name=NetR8_2
Change Net Name : Old Net Name=NetR35_1 New Net Name=NetR44_1
Change Net Name : Old Net Name=NetR35_2 New Net Name=NetR44_2
Change Net Name : Old Net Name=NetR39_1 New Net Name=NetR48_1
Change Net Name : Old Net Name=NetR40_2 New Net Name=NetR12_2
Change Net Name : Old Net Name=NetR47_1 New Net Name=NetR10_1
Change Net Name : Old Net Name=NetSW6_1 New Net Name=NetSW3_1
Change Net Name : Old Net Name=NetSW6_3 New Net Name=NetSW3_3
Change Net Name : Old Net Name=NetSW7_2 New Net Name=NetSW2_2
Change Net Name : Old Net Name=NetSW7_4 New Net Name=NetSW2_4
Change Net Name : Old Net Name=NetU2_14 New Net Name=NetU1_14
Change Net Name : Old Net Name=NetU8_6 New Net Name=NetU6_6
Change Class Name : Old Net Name=C2_Nets New Net Name=C9_Nets
Change Class Name : Old Net Name=C3_Nets New Net Name=C10_Nets
Change Class Name : Old Net Name=C4_Nets New Net Name=C11_Nets
Change Class Name : Old Net Name=C9_Nets New Net Name=C2_Nets
Change Class Name : Old Net Name=C11_Nets New Net Name=C5_Nets
Change Class Name : Old Net Name=C12_Nets New Net Name=C15_Nets
Change Class Name : Old Net Name=C14_Nets New Net Name=C18_Nets
Change Class Name : Old Net Name=C16_Nets New Net Name=C19_Nets
Change Class Name : Old Net Name=C25_Nets New Net Name=C7_Nets
Change Class Name : Old Net Name=C27_Nets New Net Name=C3_Nets
Change Class Name : Old Net Name=C57_Nets New Net Name=C26_Nets
Change Class Name : Old Net Name=C58_Nets New Net Name=C44_Nets
Change Class Name : Old Net Name=C60_Nets New Net Name=C25_Nets
Change Class Name : Old Net Name=C61_Nets New Net Name=C49_Nets
Change Class Name : Old Net Name=J19_Nets New Net Name=J9_Nets
Change Class Name : Old Net Name=J32_Nets New Net Name=J4_Nets
Change Class Name : Old Net Name=L2_Nets New Net Name=L1_Nets
Change Class Name : Old Net Name=R7_Nets New Net Name=R2_Nets
Change Class Name : Old Net Name=R10_Nets New Net Name=R22_Nets
Change Class Name : Old Net Name=R30_Nets New Net Name=R9_Nets
Change Class Name : Old Net Name=R37_Nets New Net Name=R46_Nets
Change Class Name : Old Net Name=R41_Nets New Net Name=R14_Nets
Change Class Name : Old Net Name=R42_Nets New Net Name=R13_Nets
Change Class Name : Old Net Name=R43_Nets New Net Name=R15_Nets
Change Class Name : Old Net Name=R44_Nets New Net Name=R16_Nets
Change Class Name : Old Net Name=R50_Nets New Net Name=R52_Nets
Change Class Name : Old Net Name=R51_Nets New Net Name=R53_Nets
Change Class Name : Old Net Name=R52_Nets New Net Name=R54_Nets
Change Class Name : Old Net Name=R54_Nets New Net Name=R56_Nets
Change Class Name : Old Net Name=R55_Nets New Net Name=R57_Nets
Change Class Name : Old Net Name=R58_Nets New Net Name=R50_Nets
Change Class Name : Old Net Name=TP2_Nets New Net Name=TP4_Nets
Change Class Name : Old Net Name=TP3_Nets New Net Name=TP2_Nets
Change Class Name : Old Net Name=TP4_Nets New Net Name=TP3_Nets
Change Class Name : Old Net Name=TP8_Nets New Net Name=TP6_Nets
Change Class Name : Old Net Name=TP9_Nets New Net Name=TP7_Nets
Change Class Name : Old Net Name=U2_Nets New Net Name=U1_Nets
Change Class Name : Old Net Name=U3_Nets New Net Name=U2_Nets
Change Class Name : Old Net Name=U8_Nets New Net Name=U6_Nets
Change Class Name : Old Net Name=U10_Nets New Net Name=U7_Nets
Added Class: Name=C4_Nets
Added Class: Name=C12_Nets
Added Class: Name=C14_Nets
Added Class: Name=C16_Nets
Added Class: Name=C27_Nets
Added Class: Name=C48_Nets
Added Class: Name=C50_Nets
Added Class: Name=C51_Nets
Added Class: Name=C52_Nets
Added Class: Name=J6_Nets
Added Class: Name=J7_Nets
Added Class: Name=J8_Nets
Added Class: Name=L2_Nets
Added Class: Name=R7_Nets
Added Class: Name=R10_Nets
Added Class: Name=R30_Nets
Added Class: Name=R37_Nets
Added Class: Name=R41_Nets
Added Class: Name=R42_Nets
Added Class: Name=R43_Nets
Added Class: Name=R44_Nets
Added Class: Name=R51_Nets
Added Class: Name=R55_Nets
Added Class: Name=R58_Nets
Added Class: Name=SW2_Nets
Added Class: Name=SW3_Nets
Added Class: Name=U3_Nets
Added Member To Class: ClassName=POWER Member=Component C12 ERP_102-2
Added Member To Class: ClassName=POWER Member=Component C13 MLCC_0805
Added Member To Class: ClassName=POWER Member=Component C14 MLCC_0805
Added Member To Class: ClassName=MCU Member=Component C48 MLCC_0805
Added Member To Class: ClassName=POWER Member=Component R19 ERP_101-1
Added Member To Class: ClassName=POWER Member=Component R20 ERP_101-1
Added Member To Class: ClassName=J5_Nets Member=Wire 3V3
Added Member To Class: ClassName=R27_Nets Member=Wire 3V3
Added Member To Class: ClassName=R28_Nets Member=Wire 3V3
Added Member To Class: ClassName=R29_Nets Member=Wire 3V3
Added Member To Class: ClassName=R31_Nets Member=Wire 3V3
Added Member To Class: ClassName=C13_Nets Member=Wire 5V0
Added Member To Class: ClassName=R19_Nets Member=Wire 5V0
Added Member To Class: ClassName=R49_Nets Member=Wire 5V0
Added Member To Class: ClassName=C1_Nets Member=Wire GND
Added Member To Class: ClassName=D7_Nets Member=Wire GND
Added Member To Class: ClassName=J3_Nets Member=Wire GND
Added Member To Class: ClassName=J5_Nets Member=Wire GND
Added Member To Class: ClassName=Q3_Nets Member=Wire GND
Added Member To Class: ClassName=R8_Nets Member=Wire GND
Added Member To Class: ClassName=R11_Nets Member=Wire GND
Added Member To Class: ClassName=R17_Nets Member=Wire GND
Added Member To Class: ClassName=R18_Nets Member=Wire GND
Added Member To Class: ClassName=R20_Nets Member=Wire GND
Added Member To Class: ClassName=R39_Nets Member=Wire GND
Added Member To Class: ClassName=R47_Nets Member=Wire GND
Added Member To Class: ClassName=R21_Nets Member=Wire MODEM_ANT_LTE
Added Member To Class: ClassName=Q3_Nets Member=Wire MODEM_CTRL_PWRKEY
Added Member To Class: ClassName=Q2_Nets Member=Wire MODEM_CTRL_RESETN
Added Member To Class: ClassName=R40_Nets Member=Wire MODEM_LED_NETSTAT
Added Member To Class: ClassName=R35_Nets Member=Wire MODEM_SD_CLK
Added Member To Class: ClassName=R34_Nets Member=Wire MODEM_SD_CMD
Added Member To Class: ClassName=R36_Nets Member=Wire MODEM_SD_DATA0
Added Member To Class: ClassName=R32_Nets Member=Wire MODEM_SD_DATA2
Added Member To Class: ClassName=R33_Nets Member=Wire MODEM_SD_DATA3
Added Member To Class: ClassName=J5_Nets Member=Wire MODEM_SD_DETECT
Added Member To Class: ClassName=R48_Nets Member=Wire MODEM_USBBOOT
Added Member To Class: ClassName=R24_Nets Member=Wire MODEM_USIM_CLK
Added Member To Class: ClassName=R26_Nets Member=Wire MODEM_USIM_DATA
Added Member To Class: ClassName=R23_Nets Member=Wire MODEM_USIM_RST
Added Member To Class: ClassName=R25_Nets Member=Wire MODEM_USIM_VDD
Added Member To Class: ClassName=R45_Nets Member=Wire MODEM_VDDBB
Added Member To Class: ClassName=C17_Nets Member=Wire MODEM_VDDEXT
Added Member To Class: ClassName=R38_Nets Member=Wire MODEM_VDDEXT
Added Member To Class: ClassName=C1_Nets Member=Wire NetC1_1
Added Member To Class: ClassName=R5_Nets Member=Wire NetC1_1
Added Member To Class: ClassName=C8_Nets Member=Wire NetC8_2
Added Member To Class: ClassName=ANT_50R Member=Wire NetC16_2
Added Member To Class: ClassName=J3_Nets Member=Wire NetC16_2
Added Member To Class: ClassName=R21_Nets Member=Wire NetC16_2
Added Member To Class: ClassName=C20_Nets Member=Wire NetC20_1
Added Member To Class: ClassName=J4_Nets Member=Wire NetC20_1
Added Member To Class: ClassName=R25_Nets Member=Wire NetC20_1
Added Member To Class: ClassName=R26_Nets Member=Wire NetC20_1
Added Member To Class: ClassName=C21_Nets Member=Wire NetC21_1
Added Member To Class: ClassName=J4_Nets Member=Wire NetC21_1
Added Member To Class: ClassName=R24_Nets Member=Wire NetC21_1
Added Member To Class: ClassName=C22_Nets Member=Wire NetC22_1
Added Member To Class: ClassName=J4_Nets Member=Wire NetC22_1
Added Member To Class: ClassName=R23_Nets Member=Wire NetC22_1
Added Member To Class: ClassName=C45_Nets Member=Wire NetC45_1
Added Member To Class: ClassName=M3_Nets Member=Wire NetC45_1
Added Member To Class: ClassName=Q4_Nets Member=Wire NetC45_1
Added Member To Class: ClassName=R49_Nets Member=Wire NetC45_1
Added Member To Class: ClassName=R5_Nets Member=Wire NetD1_1
Added Member To Class: ClassName=D2_Nets Member=Wire NetD2_1
Added Member To Class: ClassName=D4_Nets Member=Wire NetD2_1
Added Member To Class: ClassName=SW1_Nets Member=Wire NetD2_1
Added Member To Class: ClassName=Q1_Nets Member=Wire NetD2_2
Added Member To Class: ClassName=D3_Nets Member=Wire NetD3_1
Added Member To Class: ClassName=R40_Nets Member=Wire NetD5_2
Added Member To Class: ClassName=D6_Nets Member=Wire NetD6_2
Added Member To Class: ClassName=D7_Nets Member=Wire NetD7_2
Added Member To Class: ClassName=J4_Nets Member=Wire NetJ4_C6
Added Member To Class: ClassName=R31_Nets Member=Wire NetJ5_1
Added Member To Class: ClassName=R32_Nets Member=Wire NetJ5_1
Added Member To Class: ClassName=R33_Nets Member=Wire NetJ5_2
Added Member To Class: ClassName=R29_Nets Member=Wire NetJ5_3
Added Member To Class: ClassName=R34_Nets Member=Wire NetJ5_3
Added Member To Class: ClassName=R35_Nets Member=Wire NetJ5_5
Added Member To Class: ClassName=J5_Nets Member=Wire NetJ5_7
Added Member To Class: ClassName=R28_Nets Member=Wire NetJ5_7
Added Member To Class: ClassName=R36_Nets Member=Wire NetJ5_7
Added Member To Class: ClassName=J5_Nets Member=Wire NetJ5_8
Added Member To Class: ClassName=R27_Nets Member=Wire NetJ5_8
Added Member To Class: ClassName=J9_Nets Member=Wire NetJ9_A4
Added Member To Class: ClassName=J9_Nets Member=Wire NetJ9_A5
Added Member To Class: ClassName=J9_Nets Member=Wire NetJ9_A8
Added Member To Class: ClassName=J9_Nets Member=Wire NetJ9_A9
Added Member To Class: ClassName=J9_Nets Member=Wire NetJ9_B4
Added Member To Class: ClassName=J9_Nets Member=Wire NetJ9_B5
Added Member To Class: ClassName=J9_Nets Member=Wire NetJ9_B8
Added Member To Class: ClassName=J9_Nets Member=Wire NetJ9_B9
Added Member To Class: ClassName=R18_Nets Member=Wire NetQ1_1
Added Member To Class: ClassName=TP5_Nets Member=Wire NetQ1_1
Added Member To Class: ClassName=R1_Nets Member=Wire NetR1_1
Added Member To Class: ClassName=R3_Nets Member=Wire NetR1_1
Added Member To Class: ClassName=U1_Nets Member=Wire NetR1_1
Added Member To Class: ClassName=R6_Nets Member=Wire NetR6_1
Added Member To Class: ClassName=R6_Nets Member=Wire NetR6_2
Added Member To Class: ClassName=U1_Nets Member=Wire NetR6_2
Added Member To Class: ClassName=U1_Nets Member=Wire NetR7_2
Added Member To Class: ClassName=R8_Nets Member=Wire NetR8_2
Added Member To Class: ClassName=U1_Nets Member=Wire NetR8_2
Added Member To Class: ClassName=R11_Nets Member=Wire NetR10_1
Added Member To Class: ClassName=U1_Nets Member=Wire NetR10_1
Added Member To Class: ClassName=R12_Nets Member=Wire NetR12_2
Added Member To Class: ClassName=U2_Nets Member=Wire NetR12_2
Added Member To Class: ClassName=R19_Nets Member=Wire NetR19_2
Added Member To Class: ClassName=R20_Nets Member=Wire NetR19_2
Added Member To Class: ClassName=R38_Nets Member=Wire NetR38_1
Added Member To Class: ClassName=R39_Nets Member=Wire NetR38_1
Added Member To Class: ClassName=U4_Nets Member=Wire NetR38_1
Added Member To Class: ClassName=R45_Nets Member=Wire NetR44_1
Added Member To Class: ClassName=R47_Nets Member=Wire NetR44_2
Added Member To Class: ClassName=U6_Nets Member=Wire NetR44_2
Added Member To Class: ClassName=R48_Nets Member=Wire NetR48_1
Added Member To Class: ClassName=U1_Nets Member=Wire NetU1_14
Added Member To Class: ClassName=U6_Nets Member=Wire NetU6_6
Added Member To Class: ClassName=C8_Nets Member=Wire PWR_IN
Added Member To Class: ClassName=D4_Nets Member=Wire TP5100_BATT
Added Member To Class: ClassName=R12_Nets Member=Wire TP5100_BATT
Added Member To Class: ClassName=C6_Nets Member=Wire TP5100_VS
Added Member To Class: ClassName=Q1_Nets Member=Wire VCC
Added Member To Class: ClassName=R1_Nets Member=Wire VCC
Added Member To Class: ClassName=R17_Nets Member=Wire VCC
Added Rule: Name=Schematic Differential Pairs Routing
Added Rule: Name=Schematic Differential Pairs Routing_2
Added Rule: Name=Schematic Width Constraint_11
Added Rule: Name=Schematic Width Constraint_12
Added Rule: Name=Schematic Width Constraint_13
Added Rule: Name=Schematic Width Constraint_14
Added Rule: Name=Schematic Width Constraint_16
Added Rule: Name=Schematic Width Constraint_17
Added Rule: Name=Schematic Width Constraint_18
Added Rule: Name=Schematic Width Constraint_19
Added Rule: Name=Schematic Width Constraint_20
Added Rule: Name=Schematic Width Constraint_21
