Removed Member From Class: ClassName=MODEM_PT2 Member=R44
Removed Member From Class: ClassName=C23_Nets Member=3V3
Removed Member From Class: ClassName=C30_Nets Member=3V3
Removed Member From Class: ClassName=C44_Nets Member=3V3
Removed Member From Class: ClassName=R45_Nets Member=5V0
Removed Member From Class: ClassName=J10_Nets Member=GND
Removed Member From Class: ClassName=R38_Nets Member=GND
Removed Member From Class: ClassName=R46_Nets Member=GND
Removed Member From Class: ClassName=R31_Nets Member=LORA_ANT
Removed Member From Class: ClassName=R30_Nets Member=MODEM_PWR_CTRL
Removed Member From Class: ClassName=C32_Nets Member=MODEM_VDDBB
Removed Member From Class: ClassName=C18_Nets Member=MODEM_VDDEXT
Removed Member From Class: ClassName=C28_Nets Member=MODEM_VDDEXT
Removed Member From Class: ClassName=R37_Nets Member=MODEM_VDDEXT
Removed Member From Class: ClassName=ANT_50R Member=NetC16_2
Removed Member From Class: ClassName=C16_Nets Member=NetC16_2
Removed Member From Class: ClassName=J3_Nets Member=NetC16_2
Removed Member From Class: ClassName=R20_Nets Member=NetC16_2
Removed Member From Class: ClassName=J4_Nets Member=NetC20_1
Removed Member From Class: ClassName=R24_Nets Member=NetC20_1
Removed Member From Class: ClassName=R25_Nets Member=NetC20_1
Removed Member From Class: ClassName=J4_Nets Member=NetC21_1
Removed Member From Class: ClassName=R23_Nets Member=NetC21_1
Removed Member From Class: ClassName=R22_Nets Member=NetC22_1
Removed Member From Class: ClassName=ANT_50R Member=NetC48_2
Removed Member From Class: ClassName=J10_Nets Member=NetC48_2
Removed Member From Class: ClassName=R31_Nets Member=NetC48_2
Removed Member From Class: ClassName=M3_Nets Member=NetM3_7
Removed Member From Class: ClassName=M3_Nets Member=NetM3_11
Removed Member From Class: ClassName=M3_Nets Member=NetM3_12
Removed Member From Class: ClassName=M3_Nets Member=NetM3_15
Removed Member From Class: ClassName=M3_Nets Member=NetM3_16
Removed Member From Class: ClassName=M4_Nets Member=NetM4_5
Removed Member From Class: ClassName=M4_Nets Member=NetM4_6
Removed Member From Class: ClassName=M4_Nets Member=NetM4_7
Removed Member From Class: ClassName=R30_Nets Member=NetQ5_1
Removed Member From Class: ClassName=R45_Nets Member=NetQ5_3
Removed Member From Class: ClassName=U6_Nets Member=NetQ5_3
Removed Member From Class: ClassName=R37_Nets Member=NetR37_1
Removed Member From Class: ClassName=R38_Nets Member=NetR37_1
Removed Member From Class: ClassName=U4_Nets Member=NetR37_1
Removed Member From Class: ClassName=R46_Nets Member=NetR43_2
Removed Member From Class: ClassName=U6_Nets Member=NetR43_2
Removed Member From Class: ClassName=U7_Nets Member=NetR51_2
Removed Member From Class: ClassName=U7_Nets Member=NetU7_1
Change Component Designator: OldDesignator=C15 NewDesignator=C17
Change Component Designator: OldDesignator=C16 NewDesignator=C18
Change Component Designator: OldDesignator=C17 NewDesignator=C19
Change Component Designator: OldDesignator=C18 NewDesignator=C20
Change Component Designator: OldDesignator=C19 NewDesignator=C21
Change Component Designator: OldDesignator=C20 NewDesignator=C22
Change Component Designator: OldDesignator=C21 NewDesignator=C23
Change Component Designator: OldDesignator=C22 NewDesignator=C24
Change Component Designator: OldDesignator=C23 NewDesignator=C25
Change Component Designator: OldDesignator=C24 NewDesignator=C26
Change Component Designator: OldDesignator=C25 NewDesignator=C27
Change Component Designator: OldDesignator=C26 NewDesignator=C28
Change Component Designator: OldDesignator=C27 NewDesignator=C15
Change Component Designator: OldDesignator=C28 NewDesignator=C29
Change Component Designator: OldDesignator=C29 NewDesignator=C30
Change Component Designator: OldDesignator=C30 NewDesignator=C31
Change Component Designator: OldDesignator=C31 NewDesignator=C32
Change Component Designator: OldDesignator=C32 NewDesignator=C33
Change Component Designator: OldDesignator=C33 NewDesignator=C34
Change Component Designator: OldDesignator=C34 NewDesignator=C35
Change Component Designator: OldDesignator=C35 NewDesignator=C36
Change Component Designator: OldDesignator=C36 NewDesignator=C37
Change Component Designator: OldDesignator=C37 NewDesignator=C38
Change Component Designator: OldDesignator=C38 NewDesignator=C39
Change Component Designator: OldDesignator=C39 NewDesignator=C40
Change Component Designator: OldDesignator=C40 NewDesignator=C41
Change Component Designator: OldDesignator=C41 NewDesignator=C42
Change Component Designator: OldDesignator=C42 NewDesignator=C43
Change Component Designator: OldDesignator=C43 NewDesignator=C44
Change Component Designator: OldDesignator=C44 NewDesignator=C45
Change Component Designator: OldDesignator=C45 NewDesignator=C46
Change Component Designator: OldDesignator=C46 NewDesignator=C47
Change Component Designator: OldDesignator=C47 NewDesignator=C48
Change Component Designator: OldDesignator=C48 NewDesignator=C49
Change Component Designator: OldDesignator=C49 NewDesignator=C16
Change Component Designator: OldDesignator=C51 NewDesignator=C50
Change Component Designator: OldDesignator=C54 NewDesignator=C51
Change Component Designator: OldDesignator=D7 NewDesignator=D8
Change Component Designator: OldDesignator=D8 NewDesignator=D7
Change Component Designator: OldDesignator=J7 NewDesignator=J8
Change Component Designator: OldDesignator=J8 NewDesignator=J9
Change Component Designator: OldDesignator=J9 NewDesignator=J10
Change Component Designator: OldDesignator=J10 NewDesignator=J7
Change Component Designator: OldDesignator=M3 NewDesignator=M4
Change Component Designator: OldDesignator=M4 NewDesignator=M3
Change Component Designator: OldDesignator=Q5 NewDesignator=Q4
Change Component Designator: OldDesignator=R26 NewDesignator=R27
Change Component Designator: OldDesignator=R27 NewDesignator=R26
Change Component Designator: OldDesignator=R30 NewDesignator=R40
Change Component Designator: OldDesignator=R31 NewDesignator=R46
Change Component Designator: OldDesignator=R36 NewDesignator=R47
Change Component Designator: OldDesignator=R37 NewDesignator=R30
Change Component Designator: OldDesignator=R38 NewDesignator=R31
Change Component Designator: OldDesignator=R39 NewDesignator=R32
Change Component Designator: OldDesignator=R40 NewDesignator=R33
Change Component Designator: OldDesignator=R41 NewDesignator=R34
Change Component Designator: OldDesignator=R42 NewDesignator=R35
Change Component Designator: OldDesignator=R43 NewDesignator=R36
Change Component Designator: OldDesignator=R44 NewDesignator=R37
Change Component Designator: OldDesignator=R45 NewDesignator=R38
Change Component Designator: OldDesignator=R46 NewDesignator=R39
Change Component Designator: OldDesignator=R47 NewDesignator=R41
Change Component Designator: OldDesignator=R48 NewDesignator=R42
Change Component Designator: OldDesignator=R49 NewDesignator=R43
Change Component Designator: OldDesignator=R50 NewDesignator=R44
Change Component Designator: OldDesignator=R51 NewDesignator=R45
Change Component Designator: OldDesignator=R52 NewDesignator=R51
Change Component Designator: OldDesignator=R53 NewDesignator=R52
Change Component Designator: OldDesignator=R54 NewDesignator=R50
Change Component Designator: OldDesignator=R55 NewDesignator=R49
Change Component Designator: OldDesignator=R56 NewDesignator=R48
Change Component Designator: OldDesignator=U6 NewDesignator=U5
Change Component Designator: OldDesignator=U7 NewDesignator=U6
Change Component Designator: OldDesignator=U8 NewDesignator=U7
Change Net Name : Old Net Name=NetC16_2 New Net Name=NetC18_2
Change Net Name : Old Net Name=NetC20_1 New Net Name=NetC22_1
Change Net Name : Old Net Name=NetC21_1 New Net Name=NetC23_1
Change Net Name : Old Net Name=NetC22_1 New Net Name=NetC24_1
Change Net Name : Old Net Name=NetC48_2 New Net Name=NetC49_2
Change Net Name : Old Net Name=NetD7_2 New Net Name=NetD8_2
Change Net Name : Old Net Name=NetD8_2 New Net Name=NetD7_2
Change Net Name : Old Net Name=NetJ9_1 New Net Name=NetJ10_1
Change Net Name : Old Net Name=NetJ9_2 New Net Name=NetJ10_2
Change Net Name : Old Net Name=NetJ9_3 New Net Name=NetJ10_3
Change Net Name : Old Net Name=NetJ9_4 New Net Name=NetJ10_4
Change Net Name : Old Net Name=NetJ9_5 New Net Name=NetJ10_5
Change Net Name : Old Net Name=NetJ9_6 New Net Name=NetJ10_6
Change Net Name : Old Net Name=NetM3_7 New Net Name=NetM4_7
Change Net Name : Old Net Name=NetM3_11 New Net Name=NetM4_11
Change Net Name : Old Net Name=NetM3_12 New Net Name=NetM4_12
Change Net Name : Old Net Name=NetM3_15 New Net Name=NetM4_15
Change Net Name : Old Net Name=NetM3_16 New Net Name=NetM4_16
Change Net Name : Old Net Name=NetM4_5 New Net Name=NetM3_5
Change Net Name : Old Net Name=NetM4_6 New Net Name=NetM3_6
Change Net Name : Old Net Name=NetM4_7 New Net Name=NetM3_7
Change Net Name : Old Net Name=NetQ5_1 New Net Name=NetQ4_1
Change Net Name : Old Net Name=NetQ5_3 New Net Name=NetQ4_3
Change Net Name : Old Net Name=NetR37_1 New Net Name=NetR30_1
Change Net Name : Old Net Name=NetR43_1 New Net Name=NetR36_1
Change Net Name : Old Net Name=NetR43_2 New Net Name=NetR36_2
Change Net Name : Old Net Name=NetR51_2 New Net Name=NetR45_2
Change Net Name : Old Net Name=NetU7_1 New Net Name=NetU6_1
Change Class Name : Old Net Name=C15_Nets New Net Name=C17_Nets
Change Class Name : Old Net Name=C17_Nets New Net Name=C20_Nets
Change Class Name : Old Net Name=C19_Nets New Net Name=C21_Nets
Change Class Name : Old Net Name=C24_Nets New Net Name=C27_Nets
Change Class Name : Old Net Name=C46_Nets New Net Name=C47_Nets
Change Class Name : Old Net Name=C47_Nets New Net Name=C48_Nets
Change Class Name : Old Net Name=C49_Nets New Net Name=C51_Nets
Change Class Name : Old Net Name=C51_Nets New Net Name=C50_Nets
Change Class Name : Old Net Name=C54_Nets New Net Name=C15_Nets
Change Class Name : Old Net Name=J7_Nets New Net Name=J8_Nets
Change Class Name : Old Net Name=J8_Nets New Net Name=J9_Nets
Change Class Name : Old Net Name=M3_Nets New Net Name=M4_Nets
Change Class Name : Old Net Name=M4_Nets New Net Name=M3_Nets
Change Class Name : Old Net Name=R26_Nets New Net Name=R27_Nets
Change Class Name : Old Net Name=R27_Nets New Net Name=R26_Nets
Change Class Name : Old Net Name=R36_Nets New Net Name=R47_Nets
Change Class Name : Old Net Name=R39_Nets New Net Name=R32_Nets
Change Class Name : Old Net Name=R40_Nets New Net Name=R33_Nets
Change Class Name : Old Net Name=R41_Nets New Net Name=R34_Nets
Change Class Name : Old Net Name=R42_Nets New Net Name=R35_Nets
Change Class Name : Old Net Name=R47_Nets New Net Name=R41_Nets
Change Class Name : Old Net Name=R49_Nets New Net Name=R52_Nets
Change Class Name : Old Net Name=R50_Nets New Net Name=R44_Nets
Change Class Name : Old Net Name=R52_Nets New Net Name=R51_Nets
Change Class Name : Old Net Name=R53_Nets New Net Name=R43_Nets
Change Class Name : Old Net Name=R54_Nets New Net Name=R48_Nets
Change Class Name : Old Net Name=R55_Nets New Net Name=R49_Nets
Change Class Name : Old Net Name=R56_Nets New Net Name=R50_Nets
Change Class Name : Old Net Name=U6_Nets New Net Name=U5_Nets
Change Class Name : Old Net Name=U7_Nets New Net Name=U6_Nets
Change Class Name : Old Net Name=U8_Nets New Net Name=U7_Nets
Added Class: Name=C19_Nets
Added Class: Name=C24_Nets
Added Class: Name=C46_Nets
Added Class: Name=C49_Nets
Added Class: Name=J7_Nets
Added Class: Name=Q4_Nets
Added Class: Name=R36_Nets
Added Class: Name=R39_Nets
Added Class: Name=R40_Nets
Added Class: Name=R42_Nets
Added Member To Class: ClassName=MODEM_PT2 Member=Component R40 ERP_101-1
Added Member To Class: ClassName=C28_Nets Member=Wire 3V3
Added Member To Class: ClassName=C32_Nets Member=Wire 3V3
Added Member To Class: ClassName=C16_Nets Member=Wire 5V0
Added Member To Class: ClassName=R38_Nets Member=Wire 5V0
Added Member To Class: ClassName=R31_Nets Member=Wire GND
Added Member To Class: ClassName=R45_Nets Member=Wire GND
Added Member To Class: ClassName=R46_Nets Member=Wire LORA_ANT
Added Member To Class: ClassName=C44_Nets Member=Wire MODEM_VDDBB
Added Member To Class: ClassName=R37_Nets Member=Wire MODEM_VDDBB
Added Member To Class: ClassName=C30_Nets Member=Wire MODEM_VDDEXT
Added Member To Class: ClassName=R30_Nets Member=Wire MODEM_VDDEXT
Added Member To Class: ClassName=ANT_50R Member=Wire NetC18_2
Added Member To Class: ClassName=C18_Nets Member=Wire NetC18_2
Added Member To Class: ClassName=J3_Nets Member=Wire NetC18_2
Added Member To Class: ClassName=R20_Nets Member=Wire NetC18_2
Added Member To Class: ClassName=R24_Nets Member=Wire NetC22_1
Added Member To Class: ClassName=R25_Nets Member=Wire NetC22_1
Added Member To Class: ClassName=C23_Nets Member=Wire NetC23_1
Added Member To Class: ClassName=J4_Nets Member=Wire NetC23_1
Added Member To Class: ClassName=R23_Nets Member=Wire NetC23_1
Added Member To Class: ClassName=J4_Nets Member=Wire NetC24_1
Added Member To Class: ClassName=R22_Nets Member=Wire NetC24_1
Added Member To Class: ClassName=ANT_50R Member=Wire NetC49_2
Added Member To Class: ClassName=R46_Nets Member=Wire NetC49_2
Added Member To Class: ClassName=J10_Nets Member=Wire NetJ10_1
Added Member To Class: ClassName=J10_Nets Member=Wire NetJ10_2
Added Member To Class: ClassName=J10_Nets Member=Wire NetJ10_3
Added Member To Class: ClassName=J10_Nets Member=Wire NetJ10_4
Added Member To Class: ClassName=J10_Nets Member=Wire NetJ10_5
Added Member To Class: ClassName=J10_Nets Member=Wire NetJ10_6
Added Member To Class: ClassName=M3_Nets Member=Wire NetM3_5
Added Member To Class: ClassName=M3_Nets Member=Wire NetM3_6
Added Member To Class: ClassName=M3_Nets Member=Wire NetM3_7
Added Member To Class: ClassName=M4_Nets Member=Wire NetM4_7
Added Member To Class: ClassName=M4_Nets Member=Wire NetM4_11
Added Member To Class: ClassName=M4_Nets Member=Wire NetM4_12
Added Member To Class: ClassName=M4_Nets Member=Wire NetM4_15
Added Member To Class: ClassName=M4_Nets Member=Wire NetM4_16
Added Member To Class: ClassName=R38_Nets Member=Wire NetQ4_3
Added Member To Class: ClassName=U5_Nets Member=Wire NetQ4_3
Added Member To Class: ClassName=R30_Nets Member=Wire NetR30_1
Added Member To Class: ClassName=R31_Nets Member=Wire NetR30_1
Added Member To Class: ClassName=U4_Nets Member=Wire NetR30_1
Added Member To Class: ClassName=R37_Nets Member=Wire NetR36_1
Added Member To Class: ClassName=U5_Nets Member=Wire NetR36_2
Added Member To Class: ClassName=R45_Nets Member=Wire NetR45_2
Added Member To Class: ClassName=U6_Nets Member=Wire NetR45_2
Added Member To Class: ClassName=U6_Nets Member=Wire NetU6_1
