Removed Member From Class: ClassName=C50_Nets Member=3V3
Removed Member From Class: ClassName=C47_Nets Member=5V0
Removed Member From Class: ClassName=C45_Nets Member=NetC45_1
Removed Member From Class: ClassName=M3_Nets Member=NetC45_1
Removed Member From Class: ClassName=Q4_Nets Member=NetC45_1
Removed Member From Class: ClassName=J6_Nets Member=NetJ6_1
Removed Member From Class: ClassName=J6_Nets Member=NetJ6_2
Removed Member From Class: ClassName=J6_Nets Member=NetJ6_3
Removed Member From Class: ClassName=J7_Nets Member=NetJ7_4
Removed Member From Class: ClassName=J8_Nets Member=NetJ8_5
Removed Member From Class: ClassName=J8_Nets Member=NetJ8_6
Removed Member From Class: ClassName=J9_Nets Member=NetJ9_A4
Removed Member From Class: ClassName=J9_Nets Member=NetJ9_A5
Removed Member From Class: ClassName=J9_Nets Member=NetJ9_A8
Removed Member From Class: ClassName=J9_Nets Member=NetJ9_A9
Removed Member From Class: ClassName=J9_Nets Member=NetJ9_B4
Removed Member From Class: ClassName=J9_Nets Member=NetJ9_B5
Removed Member From Class: ClassName=J9_Nets Member=NetJ9_B8
Removed Member From Class: ClassName=J9_Nets Member=NetJ9_B9
Removed Member From Class: ClassName=R61_Nets Member=NetR61_2
Removed Member From Class: ClassName=U8_Nets Member=NetR61_2
Removed Member From Class: ClassName=U8_Nets Member=NetU8_1
Removed Member From Class: ClassName=C54_Nets Member=RTC3V3
Change Component Designator: OldDesignator=C45 NewDesignator=C47
Change Component Designator: OldDesignator=C46 NewDesignator=C48
Change Component Designator: OldDesignator=C47 NewDesignator=C49
Change Component Designator: OldDesignator=C48 NewDesignator=C50
Change Component Designator: OldDesignator=C49 NewDesignator=C51
Change Component Designator: OldDesignator=C50 NewDesignator=C52
Change Component Designator: OldDesignator=C51 NewDesignator=C53
Change Component Designator: OldDesignator=C52 NewDesignator=C54
Change Component Designator: OldDesignator=C53 NewDesignator=C45
Change Component Designator: OldDesignator=C54 NewDesignator=C46
Change Component Designator: OldDesignator=J6 NewDesignator=J7
Change Component Designator: OldDesignator=J7 NewDesignator=J8
Change Component Designator: OldDesignator=J8 NewDesignator=J9
Change Component Designator: OldDesignator=J9 NewDesignator=J10
Change Component Designator: OldDesignator=J10 NewDesignator=J6
Change Component Designator: OldDesignator=R48 NewDesignator=R52
Change Component Designator: OldDesignator=R49 NewDesignator=R53
Change Component Designator: OldDesignator=R50 NewDesignator=R54
Change Component Designator: OldDesignator=R51 NewDesignator=R55
Change Component Designator: OldDesignator=R52 NewDesignator=R56
Change Component Designator: OldDesignator=R53 NewDesignator=R57
Change Component Designator: OldDesignator=R54 NewDesignator=R58
Change Component Designator: OldDesignator=R55 NewDesignator=R59
Change Component Designator: OldDesignator=R56 NewDesignator=R60
Change Component Designator: OldDesignator=R57 NewDesignator=R61
Change Component Designator: OldDesignator=R58 NewDesignator=R48
Change Component Designator: OldDesignator=R59 NewDesignator=R49
Change Component Designator: OldDesignator=R60 NewDesignator=R50
Change Component Designator: OldDesignator=R61 NewDesignator=R51
Change Component Designator: OldDesignator=U7 NewDesignator=U8
Change Component Designator: OldDesignator=U8 NewDesignator=U7
Change Net Name : Old Net Name=NetC45_1 New Net Name=NetC47_1
Change Net Name : Old Net Name=NetJ6_1 New Net Name=NetJ7_1
Change Net Name : Old Net Name=NetJ6_2 New Net Name=NetJ7_2
Change Net Name : Old Net Name=NetJ6_3 New Net Name=NetJ7_3
Change Net Name : Old Net Name=NetJ7_1 New Net Name=NetJ8_1
Change Net Name : Old Net Name=NetJ7_2 New Net Name=NetJ8_2
Change Net Name : Old Net Name=NetJ7_3 New Net Name=NetJ8_3
Change Net Name : Old Net Name=NetJ7_4 New Net Name=NetJ8_4
Change Net Name : Old Net Name=NetJ8_1 New Net Name=NetJ9_1
Change Net Name : Old Net Name=NetJ8_2 New Net Name=NetJ9_2
Change Net Name : Old Net Name=NetJ8_3 New Net Name=NetJ9_3
Change Net Name : Old Net Name=NetJ8_4 New Net Name=NetJ9_4
Change Net Name : Old Net Name=NetJ8_5 New Net Name=NetJ9_5
Change Net Name : Old Net Name=NetJ8_6 New Net Name=NetJ9_6
Change Net Name : Old Net Name=NetJ9_A4 New Net Name=NetJ10_A4
Change Net Name : Old Net Name=NetJ9_A5 New Net Name=NetJ10_A5
Change Net Name : Old Net Name=NetJ9_A8 New Net Name=NetJ10_A8
Change Net Name : Old Net Name=NetJ9_A9 New Net Name=NetJ10_A9
Change Net Name : Old Net Name=NetJ9_B4 New Net Name=NetJ10_B4
Change Net Name : Old Net Name=NetJ9_B5 New Net Name=NetJ10_B5
Change Net Name : Old Net Name=NetJ9_B8 New Net Name=NetJ10_B8
Change Net Name : Old Net Name=NetJ9_B9 New Net Name=NetJ10_B9
Change Net Name : Old Net Name=NetR61_2 New Net Name=NetR51_2
Change Net Name : Old Net Name=NetU8_1 New Net Name=NetU7_1
Change Class Name : Old Net Name=C49_Nets New Net Name=C51_Nets
Change Class Name : Old Net Name=C51_Nets New Net Name=C52_Nets
Change Class Name : Old Net Name=C52_Nets New Net Name=C49_Nets
Change Class Name : Old Net Name=J9_Nets New Net Name=J10_Nets
Change Class Name : Old Net Name=J10_Nets New Net Name=C46_Nets
Change Class Name : Old Net Name=R49_Nets New Net Name=R53_Nets
Change Class Name : Old Net Name=R50_Nets New Net Name=R54_Nets
Change Class Name : Old Net Name=R51_Nets New Net Name=R55_Nets
Change Class Name : Old Net Name=R52_Nets New Net Name=R56_Nets
Change Class Name : Old Net Name=R53_Nets New Net Name=R57_Nets
Change Class Name : Old Net Name=R55_Nets New Net Name=R59_Nets
Change Class Name : Old Net Name=R56_Nets New Net Name=R60_Nets
Change Class Name : Old Net Name=R58_Nets New Net Name=R48_Nets
Change Class Name : Old Net Name=R59_Nets New Net Name=R49_Nets
Change Class Name : Old Net Name=R60_Nets New Net Name=R50_Nets
Change Class Name : Old Net Name=U7_Nets New Net Name=U8_Nets
Change Class Name : Old Net Name=U8_Nets New Net Name=U7_Nets
Added Class: Name=J9_Nets
Added Class: Name=R51_Nets
Added Class: Name=R52_Nets
Added Class: Name=R58_Nets
Added Member To Class: ClassName=C45_Nets Member=Wire 3V3
Added Member To Class: ClassName=C50_Nets Member=Wire 5V0
Added Member To Class: ClassName=C54_Nets Member=Wire 5V0
Added Member To Class: ClassName=J6_Nets Member=Wire GND
Added Member To Class: ClassName=C47_Nets Member=Wire NetC47_1
Added Member To Class: ClassName=M3_Nets Member=Wire NetC47_1
Added Member To Class: ClassName=Q4_Nets Member=Wire NetC47_1
Added Member To Class: ClassName=J10_Nets Member=Wire NetJ10_A4
Added Member To Class: ClassName=J10_Nets Member=Wire NetJ10_A5
Added Member To Class: ClassName=J10_Nets Member=Wire NetJ10_A8
Added Member To Class: ClassName=J10_Nets Member=Wire NetJ10_A9
Added Member To Class: ClassName=J10_Nets Member=Wire NetJ10_B4
Added Member To Class: ClassName=J10_Nets Member=Wire NetJ10_B5
Added Member To Class: ClassName=R61_Nets Member=Wire NetJ10_B5
Added Member To Class: ClassName=J10_Nets Member=Wire NetJ10_B8
Added Member To Class: ClassName=J10_Nets Member=Wire NetJ10_B9
Added Member To Class: ClassName=U7_Nets Member=Wire NetR51_2
Added Member To Class: ClassName=U7_Nets Member=Wire NetU7_1
Added Member To Class: ClassName=J6_Nets Member=Wire RTC3V3
Added Rule: Name=Schematic Differential Pairs Routing
Added Rule: Name=Schematic Differential Pairs Routing_2
