Removed Pin From Net: NetName=MODEM_USB_VBUS Pin=J17-2
Removed Pin From Net: NetName=GND Pin=J18-A1
Removed Pin From Net: NetName=GND Pin=J18-A12
Removed Pin From Net: NetName=GND Pin=J18-B1
Removed Pin From Net: NetName=GND Pin=J18-B12
Removed Pin From Net: NetName=GND Pin=J18-SH1
Removed Pin From Net: NetName=GND Pin=J18-SH2
Removed Pin From Net: NetName=GND Pin=J18-SH3
Removed Pin From Net: NetName=GND Pin=J18-SH4
Removed Pin From Net: NetName=GND Pin=R6-2
Removed Pin From Net: NetName=MODEM_USB_P Pin=R7-2
Removed Pin From Net: NetName=MODEM_USB_N Pin=R8-2
Removed Pin From Net: NetName=GND Pin=R9-2
Removed Member From Class: ClassName=MODEM_PT1 Member=J17
Removed Member From Class: ClassName=MODEM_PT1 Member=J18
Removed Member From Class: ClassName=MODEM_PT1 Member=R6
Removed Member From Class: ClassName=MODEM_PT1 Member=R7
Removed Member From Class: ClassName=MODEM_PT1 Member=R8
Removed Member From Class: ClassName=MODEM_PT1 Member=R9
Added Rule: Name=Schematic Differential Pairs Routing
