Removed Member From Class: ClassName=R19_Nets Member=5V0
Removed Member From Class: ClassName=R47_Nets Member=GND
Removed Member From Class: ClassName=R38_Nets Member=MODEM_VDDEXT
Removed Member From Class: ClassName=R19_Nets Member=NetR19_2
Removed Member From Class: ClassName=U3_Nets Member=NetR19_2
Removed Member From Class: ClassName=R38_Nets Member=NetR38_1
Removed Member From Class: ClassName=U4_Nets Member=NetR38_1
Removed Member From Class: ClassName=R44_Nets Member=NetR44_1
Removed Member From Class: ClassName=R44_Nets Member=NetR44_2
Removed Member From Class: ClassName=R47_Nets Member=NetR44_2
Removed Member From Class: ClassName=U6_Nets Member=NetR44_2
Change Component Designator: OldDesignator=R18 NewDesignator=R17
Change Component Designator: OldDesignator=R19 NewDesignator=R18
Change Component Designator: OldDesignator=R20 NewDesignator=R19
Change Component Designator: OldDesignator=R21 NewDesignator=R20
Change Component Designator: OldDesignator=R22 NewDesignator=R21
Change Component Designator: OldDesignator=R23 NewDesignator=R22
Change Component Designator: OldDesignator=R24 NewDesignator=R23
Change Component Designator: OldDesignator=R25 NewDesignator=R24
Change Component Designator: OldDesignator=R26 NewDesignator=R25
Change Component Designator: OldDesignator=R27 NewDesignator=R26
Change Component Designator: OldDesignator=R28 NewDesignator=R27
Change Component Designator: OldDesignator=R29 NewDesignator=R28
Change Component Designator: OldDesignator=R30 NewDesignator=R29
Change Component Designator: OldDesignator=R31 NewDesignator=R30
Change Component Designator: OldDesignator=R32 NewDesignator=R31
Change Component Designator: OldDesignator=R33 NewDesignator=R32
Change Component Designator: OldDesignator=R34 NewDesignator=R33
Change Component Designator: OldDesignator=R35 NewDesignator=R34
Change Component Designator: OldDesignator=R36 NewDesignator=R35
Change Component Designator: OldDesignator=R37 NewDesignator=R36
Change Component Designator: OldDesignator=R38 NewDesignator=R37
Change Component Designator: OldDesignator=R39 NewDesignator=R38
Change Component Designator: OldDesignator=R40 NewDesignator=R39
Change Component Designator: OldDesignator=R41 NewDesignator=R40
Change Component Designator: OldDesignator=R42 NewDesignator=R41
Change Component Designator: OldDesignator=R43 NewDesignator=R42
Change Component Designator: OldDesignator=R44 NewDesignator=R43
Change Component Designator: OldDesignator=R45 NewDesignator=R44
Change Component Designator: OldDesignator=R46 NewDesignator=R45
Change Component Designator: OldDesignator=R47 NewDesignator=R46
Change Component Designator: OldDesignator=R48 NewDesignator=R47
Change Component Designator: OldDesignator=R49 NewDesignator=R48
Change Component Designator: OldDesignator=R50 NewDesignator=R49
Change Component Designator: OldDesignator=R51 NewDesignator=R50
Change Component Designator: OldDesignator=R52 NewDesignator=R51
Change Component Designator: OldDesignator=R53 NewDesignator=R52
Change Component Designator: OldDesignator=R54 NewDesignator=R53
Change Component Designator: OldDesignator=R55 NewDesignator=R54
Change Component Designator: OldDesignator=R56 NewDesignator=R55
Change Component Designator: OldDesignator=R57 NewDesignator=R56
Change Component Designator: OldDesignator=R58 NewDesignator=R57
Change Net Name : Old Net Name=NetR19_2 New Net Name=NetR18_2
Change Net Name : Old Net Name=NetR38_1 New Net Name=NetR37_1
Change Net Name : Old Net Name=NetR44_1 New Net Name=NetR43_1
Change Net Name : Old Net Name=NetR44_2 New Net Name=NetR43_2
Change Net Name : Old Net Name=NetR48_1 New Net Name=NetR47_1
Change Class Name : Old Net Name=R18_Nets New Net Name=R17_Nets
Change Class Name : Old Net Name=R21_Nets New Net Name=R20_Nets
Change Class Name : Old Net Name=R22_Nets New Net Name=R21_Nets
Change Class Name : Old Net Name=R23_Nets New Net Name=R22_Nets
Change Class Name : Old Net Name=R24_Nets New Net Name=R23_Nets
Change Class Name : Old Net Name=R25_Nets New Net Name=R24_Nets
Change Class Name : Old Net Name=R26_Nets New Net Name=R25_Nets
Change Class Name : Old Net Name=R27_Nets New Net Name=R26_Nets
Change Class Name : Old Net Name=R28_Nets New Net Name=R27_Nets
Change Class Name : Old Net Name=R29_Nets New Net Name=R28_Nets
Change Class Name : Old Net Name=R30_Nets New Net Name=R29_Nets
Change Class Name : Old Net Name=R31_Nets New Net Name=R30_Nets
Change Class Name : Old Net Name=R32_Nets New Net Name=R31_Nets
Change Class Name : Old Net Name=R33_Nets New Net Name=R32_Nets
Change Class Name : Old Net Name=R34_Nets New Net Name=R33_Nets
Change Class Name : Old Net Name=R35_Nets New Net Name=R34_Nets
Change Class Name : Old Net Name=R36_Nets New Net Name=R35_Nets
Change Class Name : Old Net Name=R37_Nets New Net Name=R36_Nets
Change Class Name : Old Net Name=R40_Nets New Net Name=R39_Nets
Change Class Name : Old Net Name=R41_Nets New Net Name=R40_Nets
Change Class Name : Old Net Name=R42_Nets New Net Name=R41_Nets
Change Class Name : Old Net Name=R43_Nets New Net Name=R42_Nets
Change Class Name : Old Net Name=R46_Nets New Net Name=R45_Nets
Change Class Name : Old Net Name=R49_Nets New Net Name=R48_Nets
Change Class Name : Old Net Name=R50_Nets New Net Name=R49_Nets
Change Class Name : Old Net Name=R51_Nets New Net Name=R50_Nets
Change Class Name : Old Net Name=R52_Nets New Net Name=R51_Nets
Change Class Name : Old Net Name=R53_Nets New Net Name=R52_Nets
Change Class Name : Old Net Name=R54_Nets New Net Name=R53_Nets
Change Class Name : Old Net Name=R55_Nets New Net Name=R54_Nets
Change Class Name : Old Net Name=R56_Nets New Net Name=R55_Nets
Change Class Name : Old Net Name=R57_Nets New Net Name=R56_Nets
Change Class Name : Old Net Name=R58_Nets New Net Name=R57_Nets
Added Class: Name=R18_Nets
Added Class: Name=R37_Nets
Added Class: Name=R43_Nets
Added Class: Name=R46_Nets
Added Member To Class: ClassName=R19_Nets Member=Wire GND
Added Member To Class: ClassName=R38_Nets Member=Wire GND
Added Member To Class: ClassName=R47_Nets Member=Wire MODEM_USBBOOT
Added Member To Class: ClassName=R44_Nets Member=Wire MODEM_VDDBB
Added Member To Class: ClassName=R19_Nets Member=Wire NetR18_2
Added Member To Class: ClassName=U3_Nets Member=Wire NetR18_2
Added Member To Class: ClassName=R38_Nets Member=Wire NetR37_1
Added Member To Class: ClassName=U4_Nets Member=Wire NetR37_1
Added Member To Class: ClassName=R44_Nets Member=Wire NetR43_1
Added Member To Class: ClassName=U6_Nets Member=Wire NetR43_2
Added Member To Class: ClassName=R47_Nets Member=Wire NetR47_1
Added Rule: Name=Schematic Differential Pairs Routing_1
Added Rule: Name=Schematic Differential Pairs Routing_3
Added Rule: Name=Schematic Width Constraint
Added Rule: Name=Schematic Width Constraint_3
Added Rule: Name=Schematic Width Constraint_4
Added Rule: Name=Schematic Width Constraint_6
Added Rule: Name=Schematic Width Constraint_7
Added Rule: Name=Schematic Width Constraint_8
Added Rule: Name=Schematic Width Constraint_9
Added Rule: Name=Schematic Width Constraint_10
