Added Component: Designator=C44(CAPC2012X13L)
Add component (AddParameter): Name = "Manufacturer 1"; Value = ""; VariantName = "[No Variations]"
Add component (AddParameter): Name = "Manufacturer Part Number 1"; Value = ""; VariantName = "[No Variations]"
Add component (AddParameter): Name = "Package"; Value = "0805"; VariantName = "[No Variations]"
Add component (AddParameter): Name = "Value"; Value = "1nF"; VariantName = "[No Variations]"
Added Component: Designator=C45(CAP_D10_H16_P5 - Flat)
Add component (AddParameter): Name = "Manufacturer 1"; Value = ""; VariantName = "[No Variations]"
Add component (AddParameter): Name = "Manufacturer Part Number 1"; Value = ""; VariantName = "[No Variations]"
Add component (AddParameter): Name = "Package"; Value = "10X5"; VariantName = "[No Variations]"
Add component (AddParameter): Name = "Supplier 1"; Value = ""; VariantName = "[No Variations]"
Add component (AddParameter): Name = "Value"; Value = "220uF"; VariantName = "[No Variations]"
Added Component: Designator=C46(CAPC2012X13L)
Add component (AddParameter): Name = "Manufacturer 1"; Value = ""; VariantName = "[No Variations]"
Add component (AddParameter): Name = "Manufacturer Part Number 1"; Value = ""; VariantName = "[No Variations]"
Add component (AddParameter): Name = "Package"; Value = "0805"; VariantName = "[No Variations]"
Add component (AddParameter): Name = "Value"; Value = "1uF"; VariantName = "[No Variations]"
Added Component: Designator=C47(CAPC2012X13L)
Add component (AddParameter): Name = "Manufacturer 1"; Value = ""; VariantName = "[No Variations]"
Add component (AddParameter): Name = "Manufacturer Part Number 1"; Value = ""; VariantName = "[No Variations]"
Add component (AddParameter): Name = "Package"; Value = "0805"; VariantName = "[No Variations]"
Add component (AddParameter): Name = "Value"; Value = "100nF"; VariantName = "[No Variations]"
Added Component: Designator=M3(E22-XXXT22S)
Add component (AddParameter): Name = "Manufacturer 1"; Value = ""; VariantName = "[No Variations]"
Add component (AddParameter): Name = "Manufacturer Part Number 1"; Value = ""; VariantName = "[No Variations]"
Add component (AddParameter): Name = "Value"; Value = "E22-900T22S"; VariantName = "[No Variations]"
Added Component: Designator=Q4(MMBT2222)
Add component (AddParameter): Name = "ERP"; Value = ""; VariantName = "[No Variations]"
Add component (AddParameter): Name = "Manufacturer 1"; Value = ""; VariantName = "[No Variations]"
Add component (AddParameter): Name = "Manufacturer Part Number 1"; Value = ""; VariantName = "[No Variations]"
Add component (AddParameter): Name = "Package"; Value = "SOT23"; VariantName = "[No Variations]"
Add component (AddParameter): Name = "Supplier 1"; Value = ""; VariantName = "[No Variations]"
Add component (AddParameter): Name = "Suuplier Part Number 1"; Value = ""; VariantName = "[No Variations]"
Add component (AddParameter): Name = "Value"; Value = "MMBT2222A"; VariantName = "[No Variations]"
Added Component: Designator=R57(RES_0603)
Add component (AddParameter): Name = "Manufacturer 1"; Value = ""; VariantName = "[No Variations]"
Add component (AddParameter): Name = "Manufacturer Part Number 1"; Value = ""; VariantName = "[No Variations]"
Add component (AddParameter): Name = "Package"; Value = "0603"; VariantName = "[No Variations]"
Add component (AddParameter): Name = "Value"; Value = "10k"; VariantName = "[No Variations]"
Added Component: Designator=R58(RES_0603)
Add component (AddParameter): Name = "Manufacturer 1"; Value = ""; VariantName = "[No Variations]"
Add component (AddParameter): Name = "Manufacturer Part Number 1"; Value = ""; VariantName = "[No Variations]"
Add component (AddParameter): Name = "Package"; Value = "0603"; VariantName = "[No Variations]"
Add component (AddParameter): Name = "Value"; Value = "220R"; VariantName = "[No Variations]"
Added Pin To Net: NetName=GND Pin=C44-2
Added Pin To Net: NetName=5V0 Pin=C45-1
Added Pin To Net: NetName=GND Pin=C45-2
Added Pin To Net: NetName=5V0 Pin=C46-1
Added Pin To Net: NetName=GND Pin=C46-2
Added Pin To Net: NetName=5V0 Pin=C47-1
Added Pin To Net: NetName=GND Pin=C47-2
Added Pin To Net: NetName=GND Pin=M3-2
Added Pin To Net: NetName=GND Pin=M3-8
Added Pin To Net: NetName=GND Pin=M3-11
Added Pin To Net: NetName=GND Pin=M3-13
Added Pin To Net: NetName=GND Pin=M3-14
Added Pin To Net: NetName=GND Pin=M3-15
Added Pin To Net: NetName=GND Pin=M3-16
Added Pin To Net: NetName=GND Pin=M3-19
Added Pin To Net: NetName=5V0 Pin=M3-25
Added Pin To Net: NetName=GND Pin=M3-26
Added Pin To Net: NetName=GND Pin=Q4-2
Added Pin To Net: NetName=5V0 Pin=R57-2
Added Pin To Net: NetName=LORA_AUX Pin=M3-24
Added Net: Name=LORA_AUX
Added Pin To Net: NetName=LORA_M0 Pin=M3-20
Added Net: Name=LORA_M0
Added Pin To Net: NetName=LORA_M1 Pin=M3-21
Added Net: Name=LORA_M1
Added Pin To Net: NetName=LORA_RST Pin=R58-2
Added Net: Name=LORA_RST
Added Pin To Net: NetName=LORA_RXD Pin=M3-22
Added Net: Name=LORA_RXD
Added Pin To Net: NetName=LORA_TXD Pin=M3-23
Added Net: Name=LORA_TXD
Added Pin To Net: NetName=NetC44_1 Pin=C44-1
Added Pin To Net: NetName=NetC44_1 Pin=M3-1
Added Pin To Net: NetName=NetC44_1 Pin=Q4-3
Added Pin To Net: NetName=NetC44_1 Pin=R57-1
Added Net: Name=NetC44_1
Added Pin To Net: NetName=NetM3_3 Pin=M3-3
Added Net: Name=NetM3_3
Added Pin To Net: NetName=NetM3_4 Pin=M3-4
Added Net: Name=NetM3_4
Added Pin To Net: NetName=NetM3_5 Pin=M3-5
Added Net: Name=NetM3_5
Added Pin To Net: NetName=NetM3_6 Pin=M3-6
Added Net: Name=NetM3_6
Added Pin To Net: NetName=NetM3_7 Pin=M3-7
Added Net: Name=NetM3_7
Added Pin To Net: NetName=NetM3_12 Pin=M3-12
Added Net: Name=NetM3_12
Added Pin To Net: NetName=NetQ4_1 Pin=Q4-1
Added Pin To Net: NetName=NetQ4_1 Pin=R58-1
Added Net: Name=NetQ4_1
Added Class: Name=C44_Nets
Added Class: Name=C45_Nets
Added Class: Name=C46_Nets
Added Class: Name=C47_Nets
Added Class: Name=M3_Nets
Added Class: Name=Q4_Nets
Added Class: Name=R57_Nets
Added Class: Name=R58_Nets
Added Member To Class: ClassName=MCU Member=Component C44 MLCC_0805
Added Member To Class: ClassName=MCU Member=Component C45 ERP_102-2
Added Member To Class: ClassName=MCU Member=Component C46 MLCC_0805
Added Member To Class: ClassName=MCU Member=Component C47 MLCC_0805
Added Member To Class: ClassName=MCU Member=Component M3 E22-XXXT22S
Added Member To Class: ClassName=MCU Member=Component Q4 ERP_105-1
Added Member To Class: ClassName=MCU Member=Component R57 ERP_101-1
Added Member To Class: ClassName=MCU Member=Component R58 ERP_101-1
